2022.04.18 02:08:41 Started program
2022.04.18 02:08:41 Loaded config
2022.04.18 02:08:45 Tried adding: .
2022.04.18 02:08:47 Tried adding: .
2022.04.18 02:08:48 Tried adding: .
2022.04.18 02:08:49 Tried adding: .
2022.04.18 02:08:56 Tried adding: .
2022.04.18 02:08:56 Tried adding: .
2022.04.18 02:08:57 Tried adding: .
2022.04.18 02:08:57 Tried adding: ,
2022.04.18 02:08:58 Tried adding: ,
2022.04.18 02:08:58 Tried adding: ,
2022.04.18 02:08:58 Tried adding: ,
2022.04.18 02:08:59 Tried adding: ,
2022.04.18 02:08:59 Tried adding: ,
2022.04.18 02:09:00 Tried adding: .
2022.04.18 02:09:01 Tried adding: ,
2022.04.18 02:09:02 Tried adding: ,
2022.04.18 02:09:02 Tried adding: ,
2022.04.18 02:09:03 Tried adding: ,
2022.04.18 02:09:04 Tried adding: ,
2022.04.18 02:09:05 Tried adding: ,
2022.04.18 02:09:05 Tried adding: ,
2022.04.18 02:09:06 Tried adding: ,
2022.04.18 02:09:06 Tried adding: ,
2022.04.18 02:09:06 Tried adding: ,
2022.04.18 02:09:06 Tried adding: ,
2022.04.18 02:09:06 Tried adding: ,
2022.04.18 02:09:06 Tried adding: ,
2022.04.18 02:09:07 Tried adding: ,
2022.04.18 02:09:07 Tried adding: ⌫
2022.04.18 02:09:07 Tried adding: ⌫
2022.04.18 02:09:08 Tried adding: ⌫
2022.04.18 02:09:08 Tried adding: ⌫
2022.04.18 02:09:08 Tried adding: ⌫
2022.04.18 02:09:08 Tried adding: ⌫
2022.04.18 02:09:08 Tried adding: ⌫
2022.04.18 02:09:08 Tried adding: ⌫
2022.04.18 02:09:08 Tried adding: ⌫
2022.04.18 02:09:08 Tried adding: ⌫
2022.04.18 02:09:08 Tried adding: ⌫
2022.04.18 02:09:08 Tried adding: ⌫
2022.04.18 02:09:08 Tried adding: ⌫
2022.04.18 02:09:08 Tried adding: ⌫
2022.04.18 02:09:08 Tried adding: ⌫
2022.04.18 02:09:08 Tried adding: ⌫
2022.04.18 02:09:08 Tried adding: ⌫
2022.04.18 02:09:08 Tried adding: ⌫
2022.04.18 02:09:08 Tried adding: ⌫
2022.04.18 02:09:08 Tried adding: ⌫
2022.04.18 02:09:08 Tried adding: ⌫
2022.04.18 02:09:09 Tried adding: ⌫
2022.04.18 02:09:09 Tried adding: ⌫
2022.04.18 02:09:09 Tried adding: ⌫
2022.04.18 02:09:09 Tried adding: ⌫
2022.04.18 02:09:09 Tried adding: ⌫
2022.04.18 02:09:09 Tried adding: ⌫
2022.04.18 02:09:09 Tried adding: ⌫
2022.04.18 02:09:09 Tried adding: ⌫
2022.04.18 02:09:09 Tried adding: ⌫
2022.04.18 02:09:09 Tried adding: ⌫
2022.04.18 02:09:09 Tried adding: ⌫
2022.04.18 02:09:09 Tried adding: ⌫
2022.04.18 02:09:09 Tried adding: ⌫
2022.04.18 02:09:09 Tried adding: ⌫
2022.04.18 02:09:09 Tried adding: ⌫
2022.04.18 02:09:09 Tried adding: ⌫
2022.04.18 02:09:09 Tried adding: ⌫
2022.04.18 02:09:09 Tried adding: ⌫
2022.04.18 02:09:09 Tried adding: ⌫
2022.04.18 02:09:09 Tried adding: ⌫
2022.04.18 02:09:09 Tried adding: ⌫
2022.04.18 02:09:09 Tried adding: ⌫
2022.04.18 02:09:09 Tried adding: ⌫
2022.04.18 02:09:09 Tried adding: ⌫
2022.04.18 02:09:09 Tried adding: ⌫
2022.04.18 02:09:09 Tried adding: ⌫
2022.04.18 02:09:09 Tried adding: ⌫
2022.04.18 02:09:09 Tried adding: ⌫
2022.04.18 02:09:10 Tried adding: ⌫
2022.04.18 02:09:10 Tried adding: ⌫
2022.04.18 02:09:10 Tried adding: ,
2022.04.18 02:09:13 Tried adding: 1
2022.04.18 02:09:14 Tried adding: ,
2022.04.18 02:09:14 Tried adding: 2
2022.04.18 02:09:15 Tried adding: 3
2022.04.18 02:09:16 Tried adding: ,
2022.04.18 02:09:16 Tried adding: 4
2022.04.18 02:09:17 Tried adding: 5
2022.04.18 02:09:17 Tried adding: ,
2022.04.18 02:09:17 Tried adding: 4
2022.04.18 02:09:18 Tried adding: 6
2022.04.18 02:09:18 Tried adding: ,
2022.04.18 02:09:19 Tried adding: 7
2022.04.18 02:09:19 Tried adding: 5
2022.04.18 02:09:20 Tried adding: ,
2022.04.18 02:09:20 Tried adding: 3
2022.04.18 02:09:20 Tried adding: 4
2022.04.18 02:09:21 Tried adding: ,
2022.04.18 02:09:21 Tried adding: 1
2022.04.18 02:09:21 Tried adding: 2
2022.04.18 02:09:22 Tried adding: ,
2022.04.18 02:09:22 Tried adding: 7
2022.04.18 02:09:22 Tried adding: 5
2022.04.18 02:09:23 Tried adding: ,
2022.04.18 02:09:24 Tried adding: 3
2022.04.18 02:09:24 Tried adding: 4
2022.04.18 02:09:24 Tried adding: 5
2022.04.18 02:09:24 Tried adding: ,
2022.04.18 02:09:25 Tried adding: 12
2022.04.18 02:09:25 Tried adding: 3
2022.04.18 02:09:26 Tried adding: ,
2022.04.18 02:09:26 Tried adding: 7
2022.04.18 02:09:26 Tried adding: 56
2022.04.18 02:09:27 Tried adding: ,
2022.04.18 02:09:27 Tried adding: 2
2022.04.18 02:09:27 Tried adding: `
2022.04.18 02:09:27 Tried adding: 1
2022.04.18 02:09:28 Tried adding: ,
2022.04.18 02:09:28 Tried adding: 7
2022.04.18 02:09:29 Tried adding: 54
2022.04.18 02:09:29 Tried adding: ,
2022.04.18 02:09:29 Tried adding: 3
2022.04.18 02:09:29 Tried adding: `
2022.04.18 02:09:30 Tried adding: 1
2022.04.18 02:09:30 Tried adding: 2
2022.04.18 02:09:30 Tried adding: 1`
2022.04.18 02:09:31 Tried adding: ⌫
2022.04.18 02:09:31 Tried adding: ⌫
2022.04.18 02:09:32 Tried adding: ⌫
2022.04.18 02:09:32 Tried adding: ⌫
2022.04.18 02:09:32 Tried adding: ⌫
2022.04.18 02:09:32 Tried adding: ⌫
2022.04.18 02:09:32 Tried adding: ⌫
2022.04.18 02:09:32 Tried adding: ⌫
2022.04.18 02:09:32 Tried adding: ⌫
2022.04.18 02:09:32 Tried adding: ⌫
2022.04.18 02:09:32 Tried adding: ⌫
2022.04.18 02:09:32 Tried adding: ⌫
2022.04.18 02:09:32 Tried adding: ⌫
2022.04.18 02:09:32 Tried adding: ⌫
2022.04.18 02:09:32 Tried adding: ⌫
2022.04.18 02:09:32 Tried adding: ⌫
2022.04.18 02:09:32 Tried adding: ⌫
2022.04.18 02:09:32 Tried adding: ⌫
2022.04.18 02:09:32 Tried adding: ⌫
2022.04.18 02:09:32 Tried adding: ⌫
2022.04.18 02:09:32 Tried adding: ⌫
2022.04.18 02:09:32 Tried adding: ⌫
2022.04.18 02:09:32 Tried adding: ⌫
2022.04.18 02:09:32 Tried adding: ⌫
2022.04.18 02:09:32 Tried adding: ⌫
2022.04.18 02:09:32 Tried adding: ⌫
2022.04.18 02:09:32 Tried adding: ⌫
2022.04.18 02:09:32 Tried adding: ⌫
2022.04.18 02:09:32 Tried adding: ⌫
2022.04.18 02:09:33 Tried adding: ⌫
2022.04.18 02:09:33 Tried adding: ⌫
2022.04.18 02:09:33 Tried adding: ⌫
2022.04.18 02:09:33 Tried adding: ⌫
2022.04.18 02:09:33 Tried adding: ⌫
2022.04.18 02:09:33 Tried adding: ⌫
2022.04.18 02:09:33 Tried adding: ⌫
2022.04.18 02:09:33 Tried adding: ⌫
2022.04.18 02:09:33 Tried adding: ⌫
2022.04.18 02:09:33 Tried adding: ⌫
2022.04.18 02:09:33 Tried adding: ⌫
2022.04.18 02:09:33 Tried adding: ⌫
2022.04.18 02:09:33 Tried adding: ⌫
2022.04.18 02:09:33 Tried adding: ⌫
2022.04.18 02:09:33 Tried adding: ⌫
2022.04.18 02:09:33 Tried adding: ⌫
2022.04.18 02:09:33 Tried adding: ⌫
2022.04.18 02:09:33 Tried adding: ⌫
2022.04.18 02:09:33 Tried adding: ⌫
2022.04.18 02:09:33 Tried adding: ⌫
2022.04.18 02:09:33 Tried adding: ⌫
2022.04.18 02:09:33 Tried adding: ⌫
2022.04.18 02:09:33 Tried adding: ⌫
2022.04.18 02:09:33 Tried adding: ⌫
2022.04.18 02:09:35 Allocated Ram: 14MiB
2022.04.18 02:09:35 Total memory obtained from OS: 29MiB
2022.04.18 02:09:35 Total garbage collected memory: 294MiB
2022.04.18 02:09:35 Closing program...
2022.04.18 02:12:29 Started program
2022.04.18 02:12:29 Loaded config
2022.04.18 02:12:34 Tried adding: 0
2022.04.18 02:12:36 Tried adding: .
2022.04.18 02:12:37 Tried adding: .
2022.04.18 02:12:37 Tried adding: .
2022.04.18 02:12:37 Tried adding: .
2022.04.18 02:12:37 Tried adding: .
2022.04.18 02:12:38 Tried adding: 1
2022.04.18 02:12:38 Tried adding: .
2022.04.18 02:12:38 Tried adding: .
2022.04.18 02:12:38 Tried adding: .
2022.04.18 02:12:39 Tried adding: .
2022.04.18 02:12:39 Tried adding: 2
2022.04.18 02:12:39 Tried adding: .
2022.04.18 02:12:39 Tried adding: .
2022.04.18 02:12:40 Tried adding: .
2022.04.18 02:12:40 Tried adding: .
2022.04.18 02:12:40 Tried adding: 3
2022.04.18 02:12:40 Tried adding: .
2022.04.18 02:12:40 Tried adding: .
2022.04.18 02:12:41 Tried adding: .
2022.04.18 02:12:41 Tried adding: .
2022.04.18 02:12:41 Tried adding: 4
2022.04.18 02:12:41 Tried adding: .
2022.04.18 02:12:41 Tried adding: .
2022.04.18 02:12:41 Tried adding: .
2022.04.18 02:12:42 Tried adding: 5
2022.04.18 02:12:42 Tried adding: .
2022.04.18 02:12:42 Tried adding: .
2022.04.18 02:12:42 Tried adding: .
2022.04.18 02:12:42 Tried adding: 6
2022.04.18 02:12:42 Tried adding: .
2022.04.18 02:12:42 Tried adding: .
2022.04.18 02:12:43 Tried adding: 7
2022.04.18 02:12:43 Tried adding: .
2022.04.18 02:12:43 Tried adding: .
2022.04.18 02:12:43 Tried adding: 8
2022.04.18 02:12:43 Tried adding: .
2022.04.18 02:12:43 Tried adding: .
2022.04.18 02:12:44 Tried adding: 9
2022.04.18 02:12:44 Tried adding: .
2022.04.18 02:12:44 Tried adding: .
2022.04.18 02:12:44 Tried adding: .
2022.04.18 02:12:44 Tried adding: 0
2022.04.18 02:12:44 Tried adding: .
2022.04.18 02:12:46 Allocated Ram: 9MiB
2022.04.18 02:12:46 Total memory obtained from OS: 25MiB
2022.04.18 02:12:46 Total garbage collected memory: 91MiB
2022.04.18 02:12:46 Closing program...
2022.04.18 02:14:28 Started program
2022.04.18 02:14:28 Loaded config
2022.04.18 02:14:31 Tried adding: 1
2022.04.18 02:14:31 Tried adding: 2
2022.04.18 02:14:31 Tried adding: .
2022.04.18 02:14:32 Tried adding: .
2022.04.18 02:14:32 Tried adding: .
2022.04.18 02:14:32 Tried adding: 3
2022.04.18 02:14:32 Tried adding: .
2022.04.18 02:14:32 Tried adding: .
2022.04.18 02:14:33 Tried adding: .
2022.04.18 02:14:33 Tried adding: 4
2022.04.18 02:14:33 Tried adding: .
2022.04.18 02:14:33 Tried adding: .
2022.04.18 02:14:33 Tried adding: .
2022.04.18 02:14:33 Tried adding: 5
2022.04.18 02:14:33 Tried adding: .
2022.04.18 02:14:34 Tried adding: .
2022.04.18 02:14:34 Tried adding: +
2022.04.18 02:14:35 Tried adding: .
2022.04.18 02:14:35 Tried adding: .
2022.04.18 02:14:35 Tried adding: .
2022.04.18 02:14:35 Tried adding: .
2022.04.18 02:14:35 Tried adding: .
2022.04.18 02:14:36 Tried adding: .
2022.04.18 02:14:36 Tried adding: .
2022.04.18 02:14:36 Tried adding: 1
2022.04.18 02:14:36 Tried adding: .
2022.04.18 02:14:36 Tried adding: .
2022.04.18 02:14:36 Tried adding: .
2022.04.18 02:14:37 Tried adding: 2
2022.04.18 02:14:37 Tried adding: .
2022.04.18 02:14:37 Tried adding: .
2022.04.18 02:14:37 Tried adding: .
2022.04.18 02:14:37 Tried adding: 3
2022.04.18 02:14:37 Tried adding: .
2022.04.18 02:14:37 Tried adding: .
2022.04.18 02:14:37 Tried adding: .
2022.04.18 02:14:38 Tried adding: 4
2022.04.18 02:14:38 Tried adding: .
2022.04.18 02:14:38 Tried adding: .
2022.04.18 02:14:38 Tried adding: .
2022.04.18 02:14:38 Tried adding: +
2022.04.18 02:14:39 Tried adding: 6
2022.04.18 02:14:39 Tried adding: 9
2022.04.18 02:14:40 Tried adding: =
2022.04.18 02:14:40 Calculating: 12.345+0.1234+69
2022.04.18 02:14:40 Result: 81.4684
2022.04.18 02:14:40 Tried adding: =
2022.04.18 02:14:40 Calculating: 81.4684
2022.04.18 02:14:40 Result: 81.4684
2022.04.18 02:14:41 Tried adding: =
2022.04.18 02:14:41 Calculating: 81.4684
2022.04.18 02:14:41 Result: 81.4684
2022.04.18 02:14:41 Tried adding: =
2022.04.18 02:14:41 Calculating: 81.4684
2022.04.18 02:14:41 Result: 81.4684
2022.04.18 02:14:41 Tried adding: =
2022.04.18 02:14:41 Calculating: 81.4684
2022.04.18 02:14:41 Result: 81.4684
2022.04.18 02:14:41 Tried adding: =
2022.04.18 02:14:41 Calculating: 81.4684
2022.04.18 02:14:41 Result: 81.4684
2022.04.18 02:14:41 Tried adding: +
2022.04.18 02:14:43 Tried adding: .
2022.04.18 02:14:43 Tried adding: .
2022.04.18 02:14:43 Tried adding: 1
2022.04.18 02:14:43 Tried adding: 2
2022.04.18 02:14:44 Tried adding: =
2022.04.18 02:14:44 Calculating: 81.4684+0.12
2022.04.18 02:14:44 Result: 81.58840000000001
2022.04.18 02:14:46 Tried adding: +
2022.04.18 02:14:48 Tried adding: 0
2022.04.18 02:14:49 Tried adding: .
2022.04.18 02:14:50 Tried adding: =
2022.04.18 02:14:50 Calculating: 81.58840000000001+0
2022.04.18 02:14:50 Result: 81.58840000000001
2022.04.18 02:14:52 Tried adding: +
2022.04.18 02:14:52 Tried adding: 0
2022.04.18 02:14:53 Tried adding: .
2022.04.18 02:14:54 Tried adding: =
2022.04.18 02:14:54 Calculating: 81.58840000000001+0
2022.04.18 02:14:54 Result: 81.58840000000001
2022.04.18 02:14:55 Tried adding: +
2022.04.18 02:14:56 Tried adding: 1
2022.04.18 02:14:56 Tried adding: =
2022.04.18 02:14:56 Calculating: 81.58840000000001+1
2022.04.18 02:14:56 Result: 82.58840000000001
2022.04.18 02:14:57 Tried adding: +
2022.04.18 02:14:58 Tried adding: 3
2022.04.18 02:14:58 Tried adding: =
2022.04.18 02:14:58 Calculating: 82.58840000000001+3
2022.04.18 02:14:58 Result: 85.58840000000001
2022.04.18 02:15:01 Tried adding: +
2022.04.18 02:15:02 Tried adding: 3
2022.04.18 02:15:02 Tried adding: (
2022.04.18 02:15:02 Tried adding: (
2022.04.18 02:15:06 Tried adding: 1
2022.04.18 02:15:06 Tried adding: 2
2022.04.18 02:15:06 Tried adding: =
2022.04.18 02:15:06 Calculating: 85.58840000000001+3*((12))
2022.04.18 02:15:06 Result: 121.58840000000001
2022.04.18 02:15:08 Tried adding: =
2022.04.18 02:15:08 Calculating: 121.58840000000001
2022.04.18 02:15:08 Result: 121.58840000000001
2022.04.18 02:15:08 Tried adding: ⌫
2022.04.18 02:15:08 Tried adding: ⌫
2022.04.18 02:15:09 Tried adding: ⌫
2022.04.18 02:15:09 Tried adding: ⌫
2022.04.18 02:15:09 Tried adding: ⌫
2022.04.18 02:15:09 Tried adding: ⌫
2022.04.18 02:15:09 Tried adding: ⌫
2022.04.18 02:15:10 Tried adding: clr
2022.04.18 02:15:10 Tried adding: clr
2022.04.18 02:15:12 Tried adding: d
2022.04.18 02:15:12 Tried adding: z
2022.04.18 02:15:13 Tried adding: i
2022.04.18 02:15:13 Tried adding: a
2022.04.18 02:15:13 Tried adding: l
2022.04.18 02:15:13 Tried adding: a
2022.04.18 02:15:13 Tried adding:  
2022.04.18 02:15:14 Tried adding: n
2022.04.18 02:15:14 Tried adding: o
2022.04.18 02:15:14 Tried adding: t
2022.04.18 02:15:14 Tried adding:  
2022.04.18 02:15:15 Tried adding: y
2022.04.18 02:15:15 Tried adding: e
2022.04.18 02:15:15 Tried adding: t
2022.04.18 02:15:15 Tried adding:  
2022.04.18 02:15:15 Tried adding: i
2022.04.18 02:15:15 Tried adding: m
2022.04.18 02:15:15 Tried adding: e
2022.04.18 02:15:16 Tried adding: p
2022.04.18 02:15:16 Tried adding: l
2022.04.18 02:15:16 Tried adding: e
2022.04.18 02:15:16 Tried adding: m
2022.04.18 02:15:16 Tried adding: n
2022.04.18 02:15:16 Tried adding: t
2022.04.18 02:15:16 Tried adding: e
2022.04.18 02:15:16 Tried adding: d
2022.04.18 02:15:17 Tried adding: 6
2022.04.18 02:15:17 Tried adding: -
2022.04.18 02:15:18 Tried adding: -
2022.04.18 02:15:19 Tried adding: 3
2022.04.18 02:15:19 Tried adding: -
2022.04.18 02:15:20 Tried adding: -
2022.04.18 02:15:20 Tried adding: -
2022.04.18 02:15:20 Tried adding: -
2022.04.18 02:15:20 Tried adding: -
2022.04.18 02:15:20 Tried adding: -
2022.04.18 02:15:21 Tried adding: -
2022.04.18 02:15:21 Tried adding: -
2022.04.18 02:15:21 Tried adding: 5
2022.04.18 02:15:21 Tried adding: =
2022.04.18 02:15:21 Calculating: 6--3--------5
2022.04.18 02:15:22 Tried adding: =
2022.04.18 02:15:22 Calculating: 6--3--------5
2022.04.18 02:15:22 Tried adding: =
2022.04.18 02:15:22 Calculating: 6--3--------5
2022.04.18 02:15:22 Tried adding: =
2022.04.18 02:15:22 Calculating: 6--3--------5
2022.04.18 02:15:22 Tried adding: =
2022.04.18 02:15:22 Calculating: 6--3--------5
2022.04.18 02:15:26 Allocated Ram: 10MiB
2022.04.18 02:15:26 Total memory obtained from OS: 25MiB
2022.04.18 02:15:26 Total garbage collected memory: 325MiB
2022.04.18 02:15:26 Closing program...
2022.04.18 02:17:34 Started program
2022.04.18 02:17:34 Loaded config
2022.04.18 02:17:36 Allocated Ram: 14MiB
2022.04.18 02:17:36 Total memory obtained from OS: 25MiB
2022.04.18 02:17:36 Total garbage collected memory: 7MiB
2022.04.18 02:17:36 Closing program...
2022.04.18 02:43:28 Started program
2022.04.18 02:43:28 Loaded config
2022.04.18 02:43:33 Tried adding: -
2022.04.18 02:43:34 Tried adding: (
2022.04.18 02:43:36 Tried adding: 1
2022.04.18 02:43:36 Tried adding: 2
2022.04.18 02:43:36 Tried adding: =
2022.04.18 02:43:36 Calculating: -(12)
2022.04.18 02:43:36 Result: -12
2022.04.18 02:43:43 Tried adding: +
2022.04.18 02:43:43 Tried adding: -
2022.04.18 02:43:44 Tried adding: 1
2022.04.18 02:43:44 Tried adding: =
2022.04.18 02:43:44 Calculating: -12+-1
2022.04.18 02:43:46 Tried adding: =
2022.04.18 02:43:46 Calculating: -12+-1
2022.04.18 02:43:47 Tried adding: =
2022.04.18 02:43:47 Calculating: -12+-1
2022.04.18 02:43:47 Tried adding: =
2022.04.18 02:43:47 Calculating: -12+-1
2022.04.18 02:43:47 Tried adding: =
2022.04.18 02:43:47 Calculating: -12+-1
2022.04.18 02:43:48 Tried adding: =
2022.04.18 02:43:48 Calculating: -12+-1
2022.04.18 02:43:49 Tried adding: =
2022.04.18 02:43:49 Calculating: -12+-1
2022.04.18 02:43:49 Tried adding: =
2022.04.18 02:43:49 Calculating: -12+-1
2022.04.18 02:43:49 Tried adding: =
2022.04.18 02:43:49 Calculating: -12+-1
2022.04.18 02:43:49 Tried adding: =
2022.04.18 02:43:49 Calculating: -12+-1
2022.04.18 02:43:50 Tried adding: =
2022.04.18 02:43:50 Calculating: -12+-1
2022.04.18 02:43:51 Tried adding: ⌫
2022.04.18 02:43:52 Tried adding: =
2022.04.18 02:43:52 Calculating: -12+
2022.04.18 02:43:52 Tried adding: =
2022.04.18 02:43:52 Calculating: -12
2022.04.18 02:43:52 Result: -12
2022.04.18 02:43:52 Tried adding: =
2022.04.18 02:43:52 Calculating: -12
2022.04.18 02:43:52 Result: -12
2022.04.18 02:43:53 Tried adding: =
2022.04.18 02:43:53 Calculating: -12
2022.04.18 02:43:53 Result: -12
2022.04.18 02:43:53 Tried adding: =
2022.04.18 02:43:53 Calculating: -12
2022.04.18 02:43:53 Result: -12
2022.04.18 02:43:55 Tried adding: =
2022.04.18 02:43:55 Calculating: -12
2022.04.18 02:43:55 Result: -12
2022.04.18 02:43:58 Tried adding: +
2022.04.18 02:43:59 Tried adding: =
2022.04.18 02:43:59 Calculating: -12
2022.04.18 02:43:59 Result: -12
2022.04.18 02:44:00 Tried adding: +
2022.04.18 02:44:01 Tried adding: -
2022.04.18 02:44:02 Tried adding: 1
2022.04.18 02:44:02 Tried adding: =
2022.04.18 02:44:02 Calculating: -12+-1
2022.04.18 02:44:02 Tried adding: =
2022.04.18 02:44:02 Calculating: -12+-1
2022.04.18 02:44:03 Tried adding: =
2022.04.18 02:44:03 Calculating: -12+-1
2022.04.18 02:44:03 Tried adding: =
2022.04.18 02:44:03 Calculating: -12+-1
2022.04.18 02:44:03 Tried adding: =
2022.04.18 02:44:03 Calculating: -12+-1
2022.04.18 02:44:04 Tried adding: =
2022.04.18 02:44:04 Calculating: -12+-1
2022.04.18 02:44:04 Tried adding: =
2022.04.18 02:44:04 Calculating: -12+-1
2022.04.18 02:44:04 Tried adding: =
2022.04.18 02:44:04 Calculating: -12+-1
2022.04.18 02:44:05 Tried adding: =
2022.04.18 02:44:05 Calculating: -12+-1
2022.04.18 02:44:06 Tried adding: +
2022.04.18 02:44:07 Tried adding: 6
2022.04.18 02:44:07 Tried adding: 5
2022.04.18 02:44:08 Tried adding: =
2022.04.18 02:44:08 Calculating: -12+-1+65
2022.04.18 02:44:08 Tried adding: =
2022.04.18 02:44:08 Calculating: -12+-1+65
2022.04.18 02:44:09 Tried adding: =
2022.04.18 02:44:09 Calculating: -12+-1+65
2022.04.18 02:44:09 Tried adding: =
2022.04.18 02:44:09 Calculating: -12+-1+65
2022.04.18 02:44:10 Tried adding: ⌫
2022.04.18 02:44:10 Tried adding: ⌫
2022.04.18 02:44:10 Tried adding: ⌫
2022.04.18 02:44:10 Tried adding: ⌫
2022.04.18 02:44:11 Tried adding: ⌫
2022.04.18 02:44:11 Tried adding: (
2022.04.18 02:44:14 Tried adding: -
2022.04.18 02:44:15 Tried adding: 1
2022.04.18 02:44:16 Tried adding: =
2022.04.18 02:44:16 Calculating: -12+(-1)
2022.04.18 02:44:16 Result: -13
2022.04.18 02:44:29 Tried adding: *
2022.04.18 02:44:30 Tried adding: (
2022.04.18 02:44:32 Tried adding: 4
2022.04.18 02:44:34 Tried adding: 5
2022.04.18 02:44:35 Tried adding: -
2022.04.18 02:44:36 Tried adding: (
2022.04.18 02:44:38 Tried adding: 5
2022.04.18 02:44:39 Tried adding: 6
2022.04.18 02:44:39 Tried adding: =
2022.04.18 02:44:39 Calculating: -13*(45-(56))
2022.04.18 02:44:39 Result: 143
2022.04.18 02:44:41 Tried adding: clr
2022.04.18 02:44:44 Tried adding: -
2022.04.18 02:44:44 Tried adding: 1
2022.04.18 02:44:45 Tried adding: +
2022.04.18 02:44:45 Tried adding: -
2022.04.18 02:44:45 Tried adding: 1
2022.04.18 02:44:46 Tried adding: =
2022.04.18 02:44:46 Calculating: -1+-1
2022.04.18 02:44:46 Tried adding: =
2022.04.18 02:44:46 Calculating: -1+-1
2022.04.18 02:44:46 Tried adding: =
2022.04.18 02:44:46 Calculating: -1+-1
2022.04.18 02:44:46 Tried adding: ⌫
2022.04.18 02:44:47 Tried adding: ⌫
2022.04.18 02:44:47 Tried adding: (
2022.04.18 02:44:48 Tried adding: -
2022.04.18 02:44:48 Tried adding: 1
2022.04.18 02:44:48 Tried adding: =
2022.04.18 02:44:48 Calculating: -1+(-1)
2022.04.18 02:44:48 Result: -2
2022.04.18 02:45:06 Allocated Ram: 14MiB
2022.04.18 02:45:06 Total memory obtained from OS: 29MiB
2022.04.18 02:45:06 Total garbage collected memory: 516MiB
2022.04.18 02:45:06 Closing program...
2022.04.18 02:47:36 Started program
2022.04.18 02:47:36 Loaded config
2022.04.18 02:47:39 Tried adding: 1
2022.04.18 02:47:40 Tried adding: -
2022.04.18 02:47:55 Tried adding: ⌫
2022.04.18 02:47:55 Tried adding: ⌫
2022.04.18 02:47:56 Tried adding: ⌫
2022.04.18 02:47:56 Tried adding: ⌫
2022.04.18 02:47:56 Tried adding: ⌫
2022.04.18 02:48:06 Tried adding: 1
2022.04.18 02:48:07 Tried adding: ⌫
2022.04.18 02:48:08 Tried adding: 1
2022.04.18 02:48:08 Tried adding: +
2022.04.18 02:48:08 Tried adding: 1
2022.04.18 02:48:09 Tried adding: ⌫
2022.04.18 02:48:09 Tried adding: ⌫
2022.04.18 02:48:09 Tried adding: ⌫
2022.04.18 02:48:09 Tried adding: 1
2022.04.18 02:48:10 Tried adding: +
2022.04.18 02:48:10 Tried adding: 2
2022.04.18 02:48:10 Tried adding: ⌫
2022.04.18 02:48:11 Tried adding: ⌫
2022.04.18 02:48:11 Tried adding: ⌫
2022.04.18 02:48:13 Tried adding: 1
2022.04.18 02:48:14 Tried adding: -
2022.04.18 02:48:24 Allocated Ram: 10MiB
2022.04.18 02:48:24 Total memory obtained from OS: 25MiB
2022.04.18 02:48:24 Total garbage collected memory: 252MiB
2022.04.18 02:48:24 Closing program...
2022.04.18 02:49:07 Started program
2022.04.18 02:49:07 Loaded config
2022.04.18 02:49:11 Tried adding: 1
2022.04.18 02:49:11 Tried adding: -
2022.04.18 02:49:12 Tried adding: -
2022.04.18 02:49:14 Tried adding: -
2022.04.18 02:49:14 Tried adding: -
2022.04.18 02:49:14 Tried adding: -
2022.04.18 02:49:15 Tried adding: -
2022.04.18 02:49:15 Tried adding: 1
2022.04.18 02:49:16 Tried adding: =
2022.04.18 02:49:16 Calculating: 1-(-(-(-(-(-1)))))
2022.04.18 02:49:16 Result: 2
2022.04.18 02:49:24 Allocated Ram: 10MiB
2022.04.18 02:49:24 Total memory obtained from OS: 25MiB
2022.04.18 02:49:24 Total garbage collected memory: 83MiB
2022.04.18 02:49:24 Closing program...
2022.04.18 03:19:39 Started program
2022.04.18 03:19:39 Loaded config
2022.04.18 03:19:42 Tried adding: 1
2022.04.18 03:19:43 Tried adding: 1
2022.04.18 03:19:44 Tried adding: 1
2022.04.18 03:19:45 Tried adding: 1
2022.04.18 03:19:46 Tried adding: 1
2022.04.18 03:19:47 Tried adding: 1
2022.04.18 03:19:47 Tried adding: 1
2022.04.18 03:19:48 Tried adding: 1
2022.04.18 03:19:49 Tried adding: 1
2022.04.18 03:19:49 Tried adding: 1
2022.04.18 03:19:50 Tried adding: 1
2022.04.18 03:19:51 Tried adding: 1
2022.04.18 03:19:51 Tried adding: 1
2022.04.18 03:19:52 Tried adding: 1
2022.04.18 03:19:52 Tried adding: 1
2022.04.18 03:19:53 Tried adding: 1
2022.04.18 03:19:53 Tried adding: 1
2022.04.18 03:19:53 Tried adding: 1
2022.04.18 03:19:54 Tried adding: 1
2022.04.18 03:19:54 Tried adding: 1
2022.04.18 03:19:55 Tried adding: 1
2022.04.18 03:19:55 Tried adding: 1
2022.04.18 03:19:56 Tried adding: 1
2022.04.18 03:19:56 Tried adding: 1
2022.04.18 03:19:57 Tried adding: 1
2022.04.18 03:19:57 Tried adding: 1
2022.04.18 03:19:58 Tried adding: 1
2022.04.18 03:19:58 Tried adding: 1
2022.04.18 03:19:59 Tried adding: 1
2022.04.18 03:19:59 Tried adding: 1
2022.04.18 03:19:59 Tried adding: 1
2022.04.18 03:19:59 Tried adding: 1
2022.04.18 03:19:59 Tried adding: 1
2022.04.18 03:19:59 Tried adding: 1
2022.04.18 03:19:59 Tried adding: 1
2022.04.18 03:20:00 Tried adding: 1
2022.04.18 03:20:00 Tried adding: 1
2022.04.18 03:20:00 Tried adding: 1
2022.04.18 03:20:00 Tried adding: 1
2022.04.18 03:20:00 Tried adding: 1
2022.04.18 03:20:00 Tried adding: 1
2022.04.18 03:20:00 Tried adding: 1
2022.04.18 03:20:00 Tried adding: 1
2022.04.18 03:20:00 Tried adding: 1
2022.04.18 03:20:00 Tried adding: 1
2022.04.18 03:20:00 Tried adding: 1
2022.04.18 03:20:00 Tried adding: 1
2022.04.18 03:20:01 Tried adding: ⌫
2022.04.18 03:20:02 Tried adding: ⌫
2022.04.18 03:20:02 Tried adding: ⌫
2022.04.18 03:20:02 Tried adding: ⌫
2022.04.18 03:20:02 Tried adding: ⌫
2022.04.18 03:20:02 Tried adding: ⌫
2022.04.18 03:20:02 Tried adding: ⌫
2022.04.18 03:20:02 Tried adding: ⌫
2022.04.18 03:20:02 Tried adding: ⌫
2022.04.18 03:20:02 Tried adding: ⌫
2022.04.18 03:20:02 Tried adding: ⌫
2022.04.18 03:20:02 Tried adding: ⌫
2022.04.18 03:20:02 Tried adding: ⌫
2022.04.18 03:20:02 Tried adding: ⌫
2022.04.18 03:20:02 Tried adding: ⌫
2022.04.18 03:20:02 Tried adding: ⌫
2022.04.18 03:20:03 Tried adding: ⌫
2022.04.18 03:20:03 Tried adding: ⌫
2022.04.18 03:20:03 Tried adding: ⌫
2022.04.18 03:20:03 Tried adding: ⌫
2022.04.18 03:20:03 Tried adding: ⌫
2022.04.18 03:20:04 Tried adding: ⌫
2022.04.18 03:20:04 Tried adding: ⌫
2022.04.18 03:20:04 Tried adding: ⌫
2022.04.18 03:20:04 Tried adding: ⌫
2022.04.18 03:20:04 Tried adding: ⌫
2022.04.18 03:20:04 Tried adding: ⌫
2022.04.18 03:20:04 Tried adding: ⌫
2022.04.18 03:20:04 Tried adding: ⌫
2022.04.18 03:20:05 Tried adding: 1
2022.04.18 03:20:05 Tried adding: 1
2022.04.18 03:20:05 Tried adding: 1
2022.04.18 03:20:06 Tried adding: 1
2022.04.18 03:20:06 Tried adding: 1
2022.04.18 03:20:07 Tried adding: 1
2022.04.18 03:20:07 Tried adding: 1
2022.04.18 03:20:07 Tried adding: 1
2022.04.18 03:20:08 Tried adding: 1
2022.04.18 03:20:08 Tried adding: 1
2022.04.18 03:20:09 Tried adding: 1
2022.04.18 03:20:09 Tried adding: 1
2022.04.18 03:20:10 Tried adding: 1
2022.04.18 03:20:10 Tried adding: 1
2022.04.18 03:20:11 Tried adding: 1
2022.04.18 03:20:11 Tried adding: 1
2022.04.18 03:20:12 Tried adding: 1
2022.04.18 03:20:13 Tried adding: 1
2022.04.18 03:20:14 Tried adding: ⌫
2022.04.18 03:20:20 Allocated Ram: 9MiB
2022.04.18 03:20:20 Total memory obtained from OS: 25MiB
2022.04.18 03:20:20 Total garbage collected memory: 235MiB
2022.04.18 03:20:20 Closing program...
2022.04.18 03:20:27 Started program
2022.04.18 03:20:27 Loaded config
2022.04.18 03:20:30 Tried adding: 8
2022.04.18 03:20:31 Tried adding: 8
2022.04.18 03:20:31 Tried adding: 8
2022.04.18 03:20:32 Tried adding: 8
2022.04.18 03:20:32 Tried adding: 8
2022.04.18 03:20:32 Tried adding: 8
2022.04.18 03:20:32 Tried adding: 8
2022.04.18 03:20:33 Tried adding: 8
2022.04.18 03:20:33 Tried adding: 8
2022.04.18 03:20:33 Tried adding: 8
2022.04.18 03:20:34 Tried adding: 8
2022.04.18 03:20:34 Tried adding: 8
2022.04.18 03:20:34 Tried adding: 8
2022.04.18 03:20:35 Tried adding: 8
2022.04.18 03:20:35 Tried adding: 8
2022.04.18 03:20:35 Tried adding: 8
2022.04.18 03:20:36 Tried adding: 8
2022.04.18 03:20:36 Tried adding: 8
2022.04.18 03:20:37 Tried adding: 8
2022.04.18 03:20:37 Tried adding: 8
2022.04.18 03:20:38 Tried adding: 8
2022.04.18 03:20:39 Tried adding: 8
2022.04.18 03:20:39 Tried adding: 8
2022.04.18 03:20:45 Allocated Ram: 13MiB
2022.04.18 03:20:45 Total memory obtained from OS: 25MiB
2022.04.18 03:20:45 Total garbage collected memory: 87MiB
2022.04.18 03:20:45 Closing program...
2022.04.18 03:21:47 Started program
2022.04.18 03:21:47 Loaded config
2022.04.18 03:21:48 Allocated Ram: 11MiB
2022.04.18 03:21:48 Total memory obtained from OS: 25MiB
2022.04.18 03:21:48 Total garbage collected memory: 8MiB
2022.04.18 03:21:48 Closing program...
2022.04.18 03:21:55 Started program
2022.04.18 03:21:55 Loaded config
2022.04.18 03:22:12 Tried adding: 1
2022.04.18 03:22:15 Tried adding: 8
2022.04.18 03:22:23 Tried adding: ⌫
2022.04.18 03:22:23 Tried adding: 1
2022.04.18 03:22:26 Tried adding: ⌫
2022.04.18 03:22:27 Tried adding: ⌫
2022.04.18 03:22:27 Tried adding: 1
2022.04.18 03:22:27 Tried adding: 1
2022.04.18 03:22:29 Tried adding: ⌫
2022.04.18 03:22:29 Tried adding: ⌫
2022.04.18 03:22:29 Tried adding: 1
2022.04.18 03:22:30 Tried adding: 8
2022.04.18 03:22:31 Tried adding: ⌫
2022.04.18 03:22:32 Tried adding: ⌫
2022.04.18 03:22:32 Tried adding: 1
2022.04.18 03:22:32 Tried adding: 1
2022.04.18 03:22:33 Tried adding: 1
2022.04.18 03:22:33 Tried adding: 1
2022.04.18 03:22:34 Tried adding: 1
2022.04.18 03:22:35 Tried adding: 1
2022.04.18 03:22:36 Tried adding: 1
2022.04.18 03:22:36 Tried adding: 1
2022.04.18 03:22:36 Tried adding: 1
2022.04.18 03:22:37 Tried adding: 1
2022.04.18 03:22:37 Tried adding: 1
2022.04.18 03:22:37 Tried adding: 1
2022.04.18 03:22:37 Tried adding: 1
2022.04.18 03:22:38 Tried adding: 1
2022.04.18 03:22:38 Tried adding: 1
2022.04.18 03:22:38 Tried adding: 1
2022.04.18 03:22:38 Tried adding: 1
2022.04.18 03:22:38 Tried adding: 1
2022.04.18 03:22:39 Tried adding: 1
2022.04.18 03:22:39 Tried adding: 1
2022.04.18 03:22:39 Tried adding: 1
2022.04.18 03:22:40 Tried adding: 1
2022.04.18 03:22:40 Tried adding: 1
2022.04.18 03:22:40 Tried adding: 1
2022.04.18 03:22:41 Tried adding: 1
2022.04.18 03:23:13 Tried adding: ⌫
2022.04.18 03:23:13 Tried adding: ⌫
2022.04.18 03:23:14 Tried adding: ⌫
2022.04.18 03:23:14 Tried adding: ⌫
2022.04.18 03:23:15 Tried adding: ⌫
2022.04.18 03:23:15 Tried adding: ⌫
2022.04.18 03:23:15 Tried adding: ⌫
2022.04.18 03:23:16 Tried adding: ⌫
2022.04.18 03:23:16 Tried adding: ⌫
2022.04.18 03:23:16 Tried adding: ⌫
2022.04.18 03:23:17 Tried adding: ⌫
2022.04.18 03:23:17 Tried adding: ⌫
2022.04.18 03:23:17 Tried adding: ⌫
2022.04.18 03:23:17 Tried adding: ⌫
2022.04.18 03:23:17 Tried adding: ⌫
2022.04.18 03:23:17 Tried adding: ⌫
2022.04.18 03:23:17 Tried adding: ⌫
2022.04.18 03:23:17 Tried adding: ⌫
2022.04.18 03:23:17 Tried adding: ⌫
2022.04.18 03:23:17 Tried adding: ⌫
2022.04.18 03:23:17 Tried adding: ⌫
2022.04.18 03:23:17 Tried adding: ⌫
2022.04.18 03:23:17 Tried adding: ⌫
2022.04.18 03:23:17 Tried adding: ⌫
2022.04.18 03:23:17 Tried adding: ⌫
2022.04.18 03:23:17 Tried adding: ⌫
2022.04.18 03:23:17 Tried adding: ⌫
2022.04.18 03:23:17 Tried adding: ⌫
2022.04.18 03:23:17 Tried adding: ⌫
2022.04.18 03:23:17 Tried adding: ⌫
2022.04.18 03:23:17 Tried adding: ⌫
2022.04.18 03:23:17 Tried adding: ⌫
2022.04.18 03:23:43 Tried adding: 1
2022.04.18 03:23:44 Tried adding: 1
2022.04.18 03:23:44 Tried adding: 1
2022.04.18 03:23:44 Tried adding: 1
2022.04.18 03:23:44 Tried adding: 1
2022.04.18 03:23:45 Tried adding: 1
2022.04.18 03:23:45 Tried adding: 1
2022.04.18 03:23:46 Tried adding: 1
2022.04.18 03:23:46 Tried adding: 1
2022.04.18 03:23:46 Tried adding: 1
2022.04.18 03:23:46 Tried adding: 1
2022.04.18 03:23:46 Tried adding: 1
2022.04.18 03:23:47 Tried adding: 1
2022.04.18 03:23:47 Tried adding: 1
2022.04.18 03:23:47 Tried adding: 1
2022.04.18 03:23:47 Tried adding: 1
2022.04.18 03:23:48 Tried adding: 1
2022.04.18 03:23:48 Tried adding: 1
2022.04.18 03:23:48 Tried adding: 1
2022.04.18 03:23:48 Tried adding: 1
2022.04.18 03:23:48 Tried adding: 1
2022.04.18 03:23:49 Tried adding: 1
2022.04.18 03:23:49 Tried adding: 1
2022.04.18 03:23:49 Tried adding: 1
2022.04.18 03:23:49 Tried adding: 1
2022.04.18 03:23:51 Tried adding: 1
2022.04.18 03:23:52 Tried adding: ⌫
2022.04.18 03:23:53 Tried adding: 1
2022.04.18 03:23:54 Tried adding: ⌫
2022.04.18 03:23:54 Tried adding: ⌫
2022.04.18 03:23:55 Tried adding: ⌫
2022.04.18 03:23:55 Tried adding: ⌫
2022.04.18 03:23:55 Tried adding: ⌫
2022.04.18 03:23:55 Tried adding: ⌫
2022.04.18 03:23:55 Tried adding: ⌫
2022.04.18 03:23:55 Tried adding: ⌫
2022.04.18 03:23:55 Tried adding: ⌫
2022.04.18 03:23:55 Tried adding: ⌫
2022.04.18 03:23:55 Tried adding: ⌫
2022.04.18 03:23:55 Tried adding: ⌫
2022.04.18 03:23:55 Tried adding: ⌫
2022.04.18 03:23:55 Tried adding: ⌫
2022.04.18 03:23:55 Tried adding: ⌫
2022.04.18 03:23:55 Tried adding: ⌫
2022.04.18 03:23:55 Tried adding: ⌫
2022.04.18 03:23:55 Tried adding: ⌫
2022.04.18 03:23:55 Tried adding: ⌫
2022.04.18 03:23:55 Tried adding: ⌫
2022.04.18 03:23:55 Tried adding: ⌫
2022.04.18 03:23:55 Tried adding: ⌫
2022.04.18 03:23:55 Tried adding: ⌫
2022.04.18 03:23:55 Tried adding: ⌫
2022.04.18 03:23:55 Tried adding: ⌫
2022.04.18 03:23:55 Tried adding: ⌫
2022.04.18 03:23:55 Tried adding: ⌫
2022.04.18 03:23:55 Tried adding: ⌫
2022.04.18 03:23:55 Tried adding: ⌫
2022.04.18 03:23:55 Tried adding: ⌫
2022.04.18 03:23:56 Tried adding: ⌫
2022.04.18 03:23:57 Tried adding: 1
2022.04.18 03:23:57 Tried adding: 1
2022.04.18 03:23:57 Tried adding: 1
2022.04.18 03:23:57 Tried adding: 1
2022.04.18 03:23:58 Tried adding: 1
2022.04.18 03:23:58 Tried adding: 1
2022.04.18 03:23:58 Tried adding: 1
2022.04.18 03:23:58 Tried adding: 1
2022.04.18 03:23:58 Tried adding: 1
2022.04.18 03:23:58 Tried adding: 1
2022.04.18 03:23:58 Tried adding: 1
2022.04.18 03:23:58 Tried adding: 1
2022.04.18 03:23:58 Tried adding: 1
2022.04.18 03:23:58 Tried adding: 1
2022.04.18 03:23:58 Tried adding: 1
2022.04.18 03:23:58 Tried adding: 1
2022.04.18 03:23:58 Tried adding: 1
2022.04.18 03:23:58 Tried adding: 1
2022.04.18 03:23:58 Tried adding: 1
2022.04.18 03:23:58 Tried adding: 1
2022.04.18 03:23:58 Tried adding: 1
2022.04.18 03:23:58 Tried adding: 1
2022.04.18 03:23:58 Tried adding: 1
2022.04.18 03:23:59 Tried adding: 1
2022.04.18 03:23:59 Tried adding: 1
2022.04.18 03:23:59 Tried adding: 1
2022.04.18 03:24:00 Tried adding: ⌫
2022.04.18 03:24:03 Tried adding: +
2022.04.18 03:24:04 Tried adding: ⌫
2022.04.18 03:24:05 Tried adding: ⌫
2022.04.18 03:24:05 Tried adding: ⌫
2022.04.18 03:24:05 Tried adding: ⌫
2022.04.18 03:24:05 Tried adding: ⌫
2022.04.18 03:24:05 Tried adding: ⌫
2022.04.18 03:24:05 Tried adding: ⌫
2022.04.18 03:24:05 Tried adding: ⌫
2022.04.18 03:24:05 Tried adding: ⌫
2022.04.18 03:24:06 Tried adding: ⌫
2022.04.18 03:24:06 Tried adding: ⌫
2022.04.18 03:24:06 Tried adding: ⌫
2022.04.18 03:24:06 Tried adding: ⌫
2022.04.18 03:24:06 Tried adding: ⌫
2022.04.18 03:24:06 Tried adding: ⌫
2022.04.18 03:24:06 Tried adding: ⌫
2022.04.18 03:24:06 Tried adding: ⌫
2022.04.18 03:24:06 Tried adding: ⌫
2022.04.18 03:24:06 Tried adding: ⌫
2022.04.18 03:24:06 Tried adding: ⌫
2022.04.18 03:24:06 Tried adding: ⌫
2022.04.18 03:24:06 Tried adding: ⌫
2022.04.18 03:24:06 Tried adding: ⌫
2022.04.18 03:24:06 Tried adding: ⌫
2022.04.18 03:24:06 Tried adding: ⌫
2022.04.18 03:24:06 Tried adding: ⌫
2022.04.18 03:24:06 Tried adding: ⌫
2022.04.18 03:24:06 Tried adding: ⌫
2022.04.18 03:24:06 Tried adding: ⌫
2022.04.18 03:24:06 Tried adding: ⌫
2022.04.18 03:24:08 Tried adding: 8
2022.04.18 03:24:08 Tried adding: 8
2022.04.18 03:24:08 Tried adding: 8
2022.04.18 03:24:08 Tried adding: 8
2022.04.18 03:24:08 Tried adding: 8
2022.04.18 03:24:08 Tried adding: 8
2022.04.18 03:24:08 Tried adding: 8
2022.04.18 03:24:08 Tried adding: 8
2022.04.18 03:24:09 Tried adding: 8
2022.04.18 03:24:09 Tried adding: 8
2022.04.18 03:24:09 Tried adding: 8
2022.04.18 03:24:09 Tried adding: 8
2022.04.18 03:24:09 Tried adding: 8
2022.04.18 03:24:09 Tried adding: 8
2022.04.18 03:24:09 Tried adding: 8
2022.04.18 03:24:09 Tried adding: 8
2022.04.18 03:24:09 Tried adding: 8
2022.04.18 03:24:09 Tried adding: 8
2022.04.18 03:24:09 Tried adding: 8
2022.04.18 03:24:10 Tried adding: 8
2022.04.18 03:24:12 Tried adding: ⌫
2022.04.18 03:24:13 Tried adding: 8
2022.04.18 03:24:14 Tried adding: ⌫
2022.04.18 03:24:15 Tried adding: ⌫
2022.04.18 03:24:15 Tried adding: ⌫
2022.04.18 03:24:15 Tried adding: ⌫
2022.04.18 03:24:15 Tried adding: ⌫
2022.04.18 03:24:15 Tried adding: ⌫
2022.04.18 03:24:15 Tried adding: ⌫
2022.04.18 03:24:15 Tried adding: ⌫
2022.04.18 03:24:15 Tried adding: ⌫
2022.04.18 03:24:15 Tried adding: ⌫
2022.04.18 03:24:15 Tried adding: ⌫
2022.04.18 03:24:15 Tried adding: ⌫
2022.04.18 03:24:15 Tried adding: ⌫
2022.04.18 03:24:15 Tried adding: ⌫
2022.04.18 03:24:15 Tried adding: ⌫
2022.04.18 03:24:15 Tried adding: ⌫
2022.04.18 03:24:15 Tried adding: ⌫
2022.04.18 03:24:15 Tried adding: ⌫
2022.04.18 03:24:15 Tried adding: ⌫
2022.04.18 03:24:15 Tried adding: ⌫
2022.04.18 03:24:15 Tried adding: ⌫
2022.04.18 03:24:16 Tried adding: ⌫
2022.04.18 03:24:16 Tried adding: ⌫
2022.04.18 03:24:16 Tried adding: ⌫
2022.04.18 03:24:16 Tried adding: ⌫
2022.04.18 03:24:16 Tried adding: ⌫
2022.04.18 03:24:16 Tried adding: 1
2022.04.18 03:24:17 Tried adding: 1
2022.04.18 03:24:17 Tried adding: 1
2022.04.18 03:24:17 Tried adding: 1
2022.04.18 03:24:17 Tried adding: 1
2022.04.18 03:24:17 Tried adding: 1
2022.04.18 03:24:17 Tried adding: 1
2022.04.18 03:24:17 Tried adding: 1
2022.04.18 03:24:17 Tried adding: 1
2022.04.18 03:24:17 Tried adding: 1
2022.04.18 03:24:18 Tried adding: 1
2022.04.18 03:24:18 Tried adding: 1
2022.04.18 03:24:18 Tried adding: 1
2022.04.18 03:24:18 Tried adding: 1
2022.04.18 03:24:18 Tried adding: 1
2022.04.18 03:24:18 Tried adding: 1
2022.04.18 03:24:18 Tried adding: 1
2022.04.18 03:24:18 Tried adding: 1
2022.04.18 03:24:18 Tried adding: 1
2022.04.18 03:24:18 Tried adding: 1
2022.04.18 03:24:18 Tried adding: 1
2022.04.18 03:24:19 Tried adding: 1
2022.04.18 03:24:19 Tried adding: 1
2022.04.18 03:24:19 Tried adding: 1
2022.04.18 03:24:19 Tried adding: 1
2022.04.18 03:24:20 Allocated Ram: 10MiB
2022.04.18 03:24:20 Total memory obtained from OS: 29MiB
2022.04.18 03:24:20 Total garbage collected memory: 736MiB
2022.04.18 03:24:20 Closing program...
2022.04.18 03:26:51 Started program
2022.04.18 03:26:51 Loaded config
2022.04.18 03:26:54 Tried adding: 1
2022.04.18 03:26:55 Tried adding: 1
2022.04.18 03:26:55 Tried adding: 1
2022.04.18 03:26:56 Tried adding: 1
2022.04.18 03:26:56 Tried adding: 1
2022.04.18 03:26:56 Tried adding: 1
2022.04.18 03:26:57 Tried adding: 1
2022.04.18 03:26:57 Tried adding: 1
2022.04.18 03:26:58 Tried adding: 1
2022.04.18 03:26:58 Tried adding: 1
2022.04.18 03:26:58 Tried adding: 1
2022.04.18 03:26:59 Tried adding: 1
2022.04.18 03:27:00 Tried adding: 1
2022.04.18 03:27:00 Tried adding: 1
2022.04.18 03:27:01 Tried adding: 1
2022.04.18 03:27:01 Tried adding: 1
2022.04.18 03:27:02 Tried adding: 1
2022.04.18 03:27:02 Tried adding: 1
2022.04.18 03:27:02 Tried adding: 1
2022.04.18 03:27:03 Tried adding: 1
2022.04.18 03:27:03 Tried adding: 1
2022.04.18 03:27:04 Tried adding: 1
2022.04.18 03:27:04 Tried adding: 1
2022.04.18 03:27:05 Tried adding: 1
2022.04.18 03:27:05 Tried adding: 1
2022.04.18 03:27:06 Tried adding: 1
2022.04.18 03:27:07 Tried adding: 1
2022.04.18 03:27:07 Tried adding: 1
2022.04.18 03:27:08 Tried adding: 1
2022.04.18 03:27:08 Tried adding: 1
2022.04.18 03:27:08 Tried adding: 1
2022.04.18 03:27:08 Tried adding: 1
2022.04.18 03:27:08 Tried adding: 1
2022.04.18 03:27:08 Tried adding: 1
2022.04.18 03:27:08 Tried adding: 1
2022.04.18 03:27:08 Tried adding: 1
2022.04.18 03:27:09 Tried adding: 1
2022.04.18 03:27:09 Tried adding: 1
2022.04.18 03:27:09 Tried adding: 2
2022.04.18 03:27:09 Tried adding: 2
2022.04.18 03:27:09 Tried adding: 2
2022.04.18 03:27:09 Tried adding: 2
2022.04.18 03:27:09 Tried adding: 2
2022.04.18 03:27:09 Tried adding: 2
2022.04.18 03:27:09 Tried adding: 2
2022.04.18 03:27:09 Tried adding: 2
2022.04.18 03:27:09 Tried adding: 2
2022.04.18 03:27:09 Tried adding: 2
2022.04.18 03:27:09 Tried adding: 2
2022.04.18 03:27:09 Tried adding: 2
2022.04.18 03:27:09 Tried adding: 2
2022.04.18 03:27:10 Tried adding: 2
2022.04.18 03:27:10 Tried adding: 2
2022.04.18 03:27:10 Tried adding: 2
2022.04.18 03:27:10 Tried adding: 2
2022.04.18 03:27:10 Tried adding: 2
2022.04.18 03:27:11 Tried adding: 2
2022.04.18 03:27:11 Tried adding: 2
2022.04.18 03:27:11 Tried adding: 2
2022.04.18 03:27:11 Tried adding: 2
2022.04.18 03:27:11 Tried adding: 2
2022.04.18 03:27:11 Tried adding: 2
2022.04.18 03:27:11 Tried adding: 2
2022.04.18 03:27:11 Tried adding: 2
2022.04.18 03:27:11 Tried adding: 2
2022.04.18 03:27:12 Tried adding: 2
2022.04.18 03:27:12 Tried adding: 2
2022.04.18 03:27:12 Tried adding: 2
2022.04.18 03:27:12 Tried adding: 2
2022.04.18 03:27:12 Tried adding: 2
2022.04.18 03:27:12 Tried adding: 2
2022.04.18 03:27:12 Tried adding: 2
2022.04.18 03:27:12 Tried adding: 2
2022.04.18 03:27:12 Tried adding: 2
2022.04.18 03:27:12 Tried adding: 22
2022.04.18 03:27:12 Tried adding: 2
2022.04.18 03:27:12 Tried adding: 2
2022.04.18 03:27:12 Tried adding: 2
2022.04.18 03:27:12 Tried adding: ⌫
2022.04.18 03:27:13 Tried adding: 2
2022.04.18 03:27:14 Tried adding: 2
2022.04.18 03:27:14 Tried adding: 2
2022.04.18 03:27:14 Tried adding: 2
2022.04.18 03:27:14 Tried adding: 2
2022.04.18 03:27:15 Tried adding: 2
2022.04.18 03:27:15 Tried adding: ⌫
2022.04.18 03:27:15 Tried adding: ⌫
2022.04.18 03:27:15 Tried adding: ⌫
2022.04.18 03:27:15 Tried adding: ⌫
2022.04.18 03:27:16 Tried adding: ⌫
2022.04.18 03:27:16 Tried adding: ⌫
2022.04.18 03:27:16 Tried adding: ⌫
2022.04.18 03:27:16 Tried adding: ⌫
2022.04.18 03:27:16 Tried adding: ⌫
2022.04.18 03:27:16 Tried adding: ⌫
2022.04.18 03:27:16 Tried adding: ⌫
2022.04.18 03:27:16 Tried adding: ⌫
2022.04.18 03:27:16 Tried adding: ⌫
2022.04.18 03:27:16 Tried adding: ⌫
2022.04.18 03:27:16 Tried adding: ⌫
2022.04.18 03:27:16 Tried adding: ⌫
2022.04.18 03:27:16 Tried adding: ⌫
2022.04.18 03:27:16 Tried adding: ⌫
2022.04.18 03:27:16 Tried adding: ⌫
2022.04.18 03:27:16 Tried adding: ⌫
2022.04.18 03:27:16 Tried adding: ⌫
2022.04.18 03:27:16 Tried adding: ⌫
2022.04.18 03:27:16 Tried adding: ⌫
2022.04.18 03:27:16 Tried adding: ⌫
2022.04.18 03:27:17 Tried adding: ⌫
2022.04.18 03:27:17 Tried adding: ⌫
2022.04.18 03:27:17 Tried adding: ⌫
2022.04.18 03:27:17 Tried adding: ⌫
2022.04.18 03:27:17 Tried adding: ⌫
2022.04.18 03:27:17 Tried adding: ⌫
2022.04.18 03:27:17 Tried adding: ⌫
2022.04.18 03:27:17 Tried adding: ⌫
2022.04.18 03:27:17 Tried adding: 1
2022.04.18 03:27:18 Tried adding: 1
2022.04.18 03:27:18 Tried adding: 1
2022.04.18 03:27:18 Tried adding: 1
2022.04.18 03:27:18 Tried adding: 1
2022.04.18 03:27:18 Tried adding: 1
2022.04.18 03:27:18 Tried adding: 1
2022.04.18 03:27:18 Tried adding: 1
2022.04.18 03:27:18 Tried adding: 1
2022.04.18 03:27:18 Tried adding: 1
2022.04.18 03:27:18 Tried adding: 1
2022.04.18 03:27:18 Tried adding: 1
2022.04.18 03:27:18 Tried adding: 1
2022.04.18 03:27:18 Tried adding: 1
2022.04.18 03:27:18 Tried adding: 1
2022.04.18 03:27:18 Tried adding: 1
2022.04.18 03:27:18 Tried adding: 1
2022.04.18 03:27:19 Tried adding: 1
2022.04.18 03:27:19 Tried adding: 1
2022.04.18 03:27:19 Tried adding: 1
2022.04.18 03:27:19 Tried adding: 1
2022.04.18 03:27:19 Tried adding: 1
2022.04.18 03:27:19 Tried adding: 1
2022.04.18 03:27:19 Tried adding: 1
2022.04.18 03:27:19 Tried adding: 1
2022.04.18 03:27:19 Tried adding: 1
2022.04.18 03:27:19 Tried adding: 1
2022.04.18 03:27:19 Tried adding: 1
2022.04.18 03:27:19 Tried adding: 1
2022.04.18 03:27:19 Tried adding: 1
2022.04.18 03:27:19 Tried adding: 1
2022.04.18 03:27:19 Tried adding: 1
2022.04.18 03:27:19 Tried adding: 1
2022.04.18 03:27:19 Tried adding: 1
2022.04.18 03:27:19 Tried adding: 1
2022.04.18 03:27:19 Tried adding: 1
2022.04.18 03:27:19 Tried adding: 1
2022.04.18 03:27:19 Tried adding: 1
2022.04.18 03:27:19 Tried adding: 1
2022.04.18 03:27:19 Tried adding: 1
2022.04.18 03:27:19 Tried adding: 1
2022.04.18 03:27:19 Tried adding: 1
2022.04.18 03:27:19 Tried adding: 1
2022.04.18 03:27:19 Tried adding: 1
2022.04.18 03:27:19 Tried adding: 1
2022.04.18 03:27:20 Tried adding: 1
2022.04.18 03:27:20 Tried adding: 1
2022.04.18 03:27:20 Tried adding: ⌫
2022.04.18 03:27:20 Tried adding: ⌫
2022.04.18 03:27:20 Tried adding: ⌫
2022.04.18 03:27:21 Tried adding: 1
2022.04.18 03:27:22 Tried adding: ⌫
2022.04.18 03:27:22 Tried adding: 1
2022.04.18 03:27:23 Tried adding: ⌫
2022.04.18 03:27:23 Tried adding: 1
2022.04.18 03:27:29 Tried adding: ⌫
2022.04.18 03:27:30 Tried adding: 1
2022.04.18 03:27:41 Tried adding: 1
2022.04.18 03:27:42 Tried adding: 1
2022.04.18 03:27:43 Tried adding: ⌫
2022.04.18 03:27:43 Tried adding: ⌫
2022.04.18 03:27:44 Tried adding: ⌫
2022.04.18 03:27:45 Tried adding: ⌫
2022.04.18 03:27:45 Tried adding: ⌫
2022.04.18 03:27:45 Tried adding: ⌫
2022.04.18 03:27:45 Tried adding: ⌫
2022.04.18 03:27:45 Tried adding: ⌫
2022.04.18 03:27:45 Tried adding: ⌫
2022.04.18 03:27:45 Tried adding: ⌫
2022.04.18 03:27:45 Tried adding: ⌫
2022.04.18 03:27:45 Tried adding: ⌫
2022.04.18 03:27:45 Tried adding: ⌫
2022.04.18 03:27:45 Tried adding: ⌫
2022.04.18 03:27:45 Tried adding: ⌫
2022.04.18 03:27:45 Tried adding: ⌫
2022.04.18 03:27:45 Tried adding: ⌫
2022.04.18 03:27:45 Tried adding: ⌫
2022.04.18 03:27:45 Tried adding: ⌫
2022.04.18 03:27:45 Tried adding: ⌫
2022.04.18 03:27:45 Tried adding: ⌫
2022.04.18 03:27:46 Tried adding: ⌫
2022.04.18 03:27:46 Tried adding: ⌫
2022.04.18 03:27:46 Tried adding: ⌫
2022.04.18 03:27:46 Tried adding: ⌫
2022.04.18 03:27:47 Tried adding: ⌫
2022.04.18 03:27:47 Tried adding: ⌫
2022.04.18 03:27:48 Tried adding: 1
2022.04.18 03:27:50 Tried adding: 1
2022.04.18 03:27:53 Tried adding: ⌫
2022.04.18 03:27:59 Allocated Ram: 9MiB
2022.04.18 03:27:59 Total memory obtained from OS: 25MiB
2022.04.18 03:27:59 Total garbage collected memory: 429MiB
2022.04.18 03:27:59 Closing program...
2022.04.18 03:28:30 Started program
2022.04.18 03:28:30 Loaded config
2022.04.18 03:28:32 Allocated Ram: 10MiB
2022.04.18 03:28:32 Total memory obtained from OS: 25MiB
2022.04.18 03:28:32 Total garbage collected memory: 11MiB
2022.04.18 03:28:32 Closing program...
2022.04.18 03:28:42 Started program
2022.04.18 03:28:42 Loaded config
2022.04.18 03:28:44 Tried adding: 1
2022.04.18 03:28:44 Tried adding: 1
2022.04.18 03:28:45 Tried adding: 1
2022.04.18 03:28:45 Tried adding: 1
2022.04.18 03:28:45 Tried adding: 1
2022.04.18 03:28:45 Tried adding: 1
2022.04.18 03:28:45 Tried adding: 1
2022.04.18 03:28:45 Tried adding: 1
2022.04.18 03:28:45 Tried adding: 1
2022.04.18 03:28:45 Tried adding: 1
2022.04.18 03:28:45 Tried adding: 1
2022.04.18 03:28:45 Tried adding: 1
2022.04.18 03:28:46 Tried adding: 1
2022.04.18 03:28:46 Tried adding: 1
2022.04.18 03:28:46 Tried adding: 1
2022.04.18 03:28:46 Tried adding: 1
2022.04.18 03:28:46 Tried adding: 1
2022.04.18 03:28:46 Tried adding: 1
2022.04.18 03:28:46 Tried adding: 1
2022.04.18 03:28:46 Tried adding: 1
2022.04.18 03:28:46 Tried adding: 1
2022.04.18 03:28:46 Tried adding: 1
2022.04.18 03:28:46 Tried adding: 1
2022.04.18 03:28:46 Tried adding: 1
2022.04.18 03:28:47 Tried adding: 1
2022.04.18 03:28:47 Tried adding: 1
2022.04.18 03:28:47 Tried adding: 1
2022.04.18 03:28:47 Tried adding: 1
2022.04.18 03:28:47 Tried adding: +
2022.04.18 03:28:48 Tried adding: +
2022.04.18 03:28:48 Tried adding: +
2022.04.18 03:28:48 Tried adding: +
2022.04.18 03:28:48 Tried adding: +
2022.04.18 03:28:48 Tried adding: 1
2022.04.18 03:28:49 Tried adding: +
2022.04.18 03:28:49 Tried adding: 1
2022.04.18 03:28:49 Tried adding: +
2022.04.18 03:28:49 Tried adding: 1
2022.04.18 03:28:50 Tried adding: +
2022.04.18 03:28:50 Tried adding: 1
2022.04.18 03:28:50 Tried adding: (
2022.04.18 03:28:51 Tried adding: 1
2022.04.18 03:28:51 Tried adding: 2
2022.04.18 03:28:51 Tried adding: 3
2022.04.18 03:28:51 Tried adding: +
2022.04.18 03:28:52 Tried adding: 4
2022.04.18 03:28:52 Tried adding: 2
2022.04.18 03:28:53 Tried adding: 4
2022.04.18 03:28:53 Tried adding: 3
2022.04.18 03:28:53 Tried adding: 2
2022.04.18 03:28:53 Tried adding: 3
2022.04.18 03:28:54 Tried adding: 3
2022.04.18 03:28:54 Tried adding: 3
2022.04.18 03:28:55 Tried adding: 3
2022.04.18 03:28:55 Tried adding: 3
2022.04.18 03:28:55 Tried adding: 3
2022.04.18 03:28:55 Tried adding: ⌫
2022.04.18 03:28:56 Tried adding: ⌫
2022.04.18 03:28:56 Tried adding: ⌫
2022.04.18 03:28:56 Tried adding: ⌫
2022.04.18 03:28:57 Tried adding: 3
2022.04.18 03:28:57 Tried adding: 3
2022.04.18 03:28:57 Tried adding: 3
2022.04.18 03:28:57 Tried adding: 3
2022.04.18 03:28:58 Tried adding: 3
2022.04.18 03:28:58 Tried adding: 3
2022.04.18 03:28:58 Tried adding: 3
2022.04.18 03:28:58 Tried adding: ⌫
2022.04.18 03:28:59 Tried adding: ⌫
2022.04.18 03:28:59 Tried adding: ⌫
2022.04.18 03:28:59 Tried adding: ⌫
2022.04.18 03:28:59 Tried adding: ⌫
2022.04.18 03:28:59 Tried adding: ⌫
2022.04.18 03:28:59 Tried adding: ⌫
2022.04.18 03:28:59 Tried adding: ⌫
2022.04.18 03:29:00 Tried adding: ⌫
2022.04.18 03:29:00 Tried adding: +
2022.04.18 03:29:01 Tried adding: 1
2022.04.18 03:29:01 Tried adding: 2
2022.04.18 03:29:01 Tried adding: 3
2022.04.18 03:29:02 Tried adding: 4
2022.04.18 03:29:02 Tried adding: 2
2022.04.18 03:29:02 Tried adding: 2
2022.04.18 03:29:02 Tried adding: 3
2022.04.18 03:29:03 Tried adding: 3
2022.04.18 03:29:03 Tried adding: 3
2022.04.18 03:29:03 Tried adding: 3
2022.04.18 03:29:03 Tried adding: 3
2022.04.18 03:29:04 Tried adding: 3
2022.04.18 03:29:04 Tried adding: =
2022.04.18 03:29:04 Calculating: 1111111111111111111111111
111+1+1+1+1*(12+12342233
2022.04.18 03:29:05 Tried adding: =
2022.04.18 03:29:05 Calculating: 1111111111111111111111111
111+1+1+1+1*(12+12342233
2022.04.18 03:29:05 Tried adding: =
2022.04.18 03:29:05 Calculating: 1111111111111111111111111
111+1+1+1+1*(12+12342233
2022.04.18 03:29:05 Tried adding: 3
2022.04.18 03:29:05 Tried adding: 3
2022.04.18 03:29:05 Tried adding: )
2022.04.18 03:29:06 Tried adding: =
2022.04.18 03:29:06 Calculating: 1111111111111111111111111
111+1+1+1+1*(12+12342233
2022.04.18 03:29:06 Tried adding: ⌫
2022.04.18 03:29:07 Tried adding: ⌫
2022.04.18 03:29:07 Tried adding: ⌫
2022.04.18 03:29:07 Tried adding: -0
2022.04.18 03:29:08 Tried adding: ⌫
2022.04.18 03:29:08 Tried adding: ⌫
2022.04.18 03:29:09 Tried adding: =
2022.04.18 03:29:09 Calculating: 1111111111111111111111111
111+1+1+1+1*(12+12342
2022.04.18 03:29:09 Tried adding: =
2022.04.18 03:29:09 Calculating: 1111111111111111111111111
111+1+1+1+1*(12+12342
2022.04.18 03:29:10 Tried adding: )
2022.04.18 03:29:11 Tried adding: =
2022.04.18 03:29:11 Calculating: 1111111111111111111111111
111+1+1+1+1*(12+12342)
2022.04.18 03:29:12 Tried adding: +
2022.04.18 03:29:12 Tried adding: 1
2022.04.18 03:29:12 Tried adding: 2
2022.04.18 03:29:13 Tried adding: =
2022.04.18 03:29:13 Calculating: 1111111111111111111111111
111+1+1+1+1*(12+12342)+12
2022.04.18 03:29:13 Tried adding: =
2022.04.18 03:29:13 Calculating: 1111111111111111111111111
111+1+1+1+1*(12+12342)+12
2022.04.18 03:29:14 Tried adding: =
2022.04.18 03:29:14 Calculating: 1111111111111111111111111
111+1+1+1+1*(12+12342)+12
2022.04.18 03:29:14 Tried adding: =
2022.04.18 03:29:14 Calculating: 1111111111111111111111111
111+1+1+1+1*(12+12342)+12
2022.04.18 03:29:14 Tried adding: =
2022.04.18 03:29:14 Calculating: 1111111111111111111111111
111+1+1+1+1*(12+12342)+12
2022.04.18 03:29:14 Tried adding: ⌫
2022.04.18 03:29:15 Tried adding: ⌫
2022.04.18 03:29:16 Tried adding: ⌫
2022.04.18 03:29:16 Tried adding: ⌫
2022.04.18 03:29:16 Tried adding: ⌫
2022.04.18 03:29:16 Tried adding: ⌫
2022.04.18 03:29:16 Tried adding: ⌫
2022.04.18 03:29:16 Tried adding: ⌫
2022.04.18 03:29:16 Tried adding: ⌫
2022.04.18 03:29:16 Tried adding: ⌫
2022.04.18 03:29:16 Tried adding: ⌫
2022.04.18 03:29:16 Tried adding: ⌫
2022.04.18 03:29:16 Tried adding: ⌫
2022.04.18 03:29:16 Tried adding: ⌫
2022.04.18 03:29:16 Tried adding: ⌫
2022.04.18 03:29:16 Tried adding: ⌫
2022.04.18 03:29:16 Tried adding: ⌫
2022.04.18 03:29:16 Tried adding: ⌫
2022.04.18 03:29:16 Tried adding: ⌫
2022.04.18 03:29:16 Tried adding: ⌫
2022.04.18 03:29:16 Tried adding: ⌫
2022.04.18 03:29:16 Tried adding: ⌫
2022.04.18 03:29:17 Tried adding: ⌫
2022.04.18 03:29:17 Tried adding: ⌫
2022.04.18 03:29:17 Tried adding: ⌫
2022.04.18 03:29:17 Tried adding: ⌫
2022.04.18 03:29:18 Tried adding: ⌫
2022.04.18 03:29:18 Tried adding: =
2022.04.18 03:29:18 Calculating: 111111111111111111111111
2022.04.18 03:29:18 Result: 1.1111111111111111e+23
2022.04.18 03:29:21 Tried adding: clr
2022.04.18 03:29:21 Tried adding: 1
2022.04.18 03:29:21 Tried adding: +
2022.04.18 03:29:22 Tried adding: 1
2022.04.18 03:29:22 Tried adding: +
2022.04.18 03:29:22 Tried adding: 1
2022.04.18 03:29:22 Tried adding: +
2022.04.18 03:29:22 Tried adding: 1
2022.04.18 03:29:23 Tried adding: +
2022.04.18 03:29:23 Tried adding: 1
2022.04.18 03:29:23 Tried adding: +
2022.04.18 03:29:23 Tried adding: 1
2022.04.18 03:29:23 Tried adding: +
2022.04.18 03:29:23 Tried adding: 1
2022.04.18 03:29:24 Tried adding: +
2022.04.18 03:29:24 Tried adding: 1
2022.04.18 03:29:24 Tried adding: +
2022.04.18 03:29:24 Tried adding: 1
2022.04.18 03:29:24 Tried adding: +
2022.04.18 03:29:25 Tried adding: 1
2022.04.18 03:29:25 Tried adding: +
2022.04.18 03:29:25 Tried adding: 1
2022.04.18 03:29:25 Tried adding: +
2022.04.18 03:29:25 Tried adding: 1
2022.04.18 03:29:26 Tried adding: +
2022.04.18 03:29:26 Tried adding: 1
2022.04.18 03:29:26 Tried adding: +
2022.04.18 03:29:26 Tried adding: 1
2022.04.18 03:29:27 Tried adding: +
2022.04.18 03:29:27 Tried adding: 1
2022.04.18 03:29:27 Tried adding: +
2022.04.18 03:29:27 Tried adding: 1
2022.04.18 03:29:27 Tried adding: +
2022.04.18 03:29:27 Tried adding: 1
2022.04.18 03:29:28 Tried adding: +
2022.04.18 03:29:28 Tried adding: 1
2022.04.18 03:29:28 Tried adding: +
2022.04.18 03:29:28 Tried adding: 1
2022.04.18 03:29:29 Tried adding: +
2022.04.18 03:29:29 Tried adding: 1
2022.04.18 03:29:29 Tried adding: +
2022.04.18 03:29:29 Tried adding: 1
2022.04.18 03:29:29 Tried adding: +
2022.04.18 03:29:30 Tried adding: 1
2022.04.18 03:29:30 Tried adding: +
2022.04.18 03:29:30 Tried adding: 1
2022.04.18 03:29:30 Tried adding: +
2022.04.18 03:29:30 Tried adding: 1
2022.04.18 03:29:31 Tried adding: +
2022.04.18 03:29:31 Tried adding: 1
2022.04.18 03:29:32 Tried adding: =
2022.04.18 03:29:32 Calculating: 1+1+1+1+1+1+1+1+1+1+1+1
+1+1+1+1+1+1+1+1+1+1+1+1
2022.04.18 03:29:32 Result: 24
2022.04.18 03:29:33 Tried adding: =
2022.04.18 03:29:33 Calculating: 24
2022.04.18 03:29:33 Result: 24
2022.04.18 03:29:34 Allocated Ram: 12MiB
2022.04.18 03:29:34 Total memory obtained from OS: 29MiB
2022.04.18 03:29:34 Total garbage collected memory: 350MiB
2022.04.18 03:29:34 Closing program...
2022.04.18 03:29:38 Started program
2022.04.18 03:29:38 Loaded config
2022.04.18 03:29:41 Tried adding: 8
2022.04.18 03:29:42 Tried adding: 8
2022.04.18 03:29:42 Tried adding: 8
2022.04.18 03:29:42 Tried adding: 8
2022.04.18 03:29:42 Tried adding: 8
2022.04.18 03:29:42 Tried adding: 8
2022.04.18 03:29:42 Tried adding: 8
2022.04.18 03:29:42 Tried adding: 8
2022.04.18 03:29:42 Tried adding: 8
2022.04.18 03:29:42 Tried adding: 8
2022.04.18 03:29:42 Tried adding: 8
2022.04.18 03:29:42 Tried adding: 8
2022.04.18 03:29:42 Tried adding: 8
2022.04.18 03:29:42 Tried adding: 8
2022.04.18 03:29:42 Tried adding: 8
2022.04.18 03:29:42 Tried adding: 8
2022.04.18 03:29:42 Tried adding: 8
2022.04.18 03:29:43 Tried adding: 8
2022.04.18 03:29:43 Tried adding: 8
2022.04.18 03:29:43 Tried adding: 8
2022.04.18 03:29:44 Tried adding: 8
2022.04.18 03:29:45 Tried adding: 8
2022.04.18 03:29:45 Tried adding: 8
2022.04.18 03:29:45 Tried adding: 8
2022.04.18 03:29:45 Tried adding: 8
2022.04.18 03:29:45 Tried adding: 8
2022.04.18 03:29:45 Tried adding: 8
2022.04.18 03:29:45 Tried adding: 8
2022.04.18 03:29:45 Tried adding: 8
2022.04.18 03:29:45 Tried adding: 8
2022.04.18 03:29:45 Tried adding: 8
2022.04.18 03:29:45 Tried adding: 8
2022.04.18 03:29:45 Tried adding: 8
2022.04.18 03:29:45 Tried adding: 8
2022.04.18 03:29:46 Tried adding: 8
2022.04.18 03:29:46 Tried adding: 8
2022.04.18 03:29:46 Tried adding: 8
2022.04.18 03:29:47 Tried adding: 8
2022.04.18 03:29:47 Tried adding: 8
2022.04.18 03:29:48 Tried adding: 8
2022.04.18 03:29:48 Tried adding: 8
2022.04.18 03:29:49 Tried adding: 8
2022.04.18 03:29:49 Tried adding: 8
2022.04.18 03:29:49 Tried adding: 8
2022.04.18 03:29:50 Tried adding: 8
2022.04.18 03:29:50 Tried adding: 8
2022.04.18 03:29:50 Tried adding: 8
2022.04.18 03:29:50 Tried adding: 8
2022.04.18 03:29:51 Tried adding: 8
2022.04.18 03:29:51 Tried adding: 8
2022.04.18 03:29:51 Tried adding: 8
2022.04.18 03:29:52 Tried adding: 8
2022.04.18 03:29:52 Tried adding: 8
2022.04.18 03:29:52 Tried adding: 8
2022.04.18 03:29:52 Tried adding: 8
2022.04.18 03:29:53 Tried adding: ⌫
2022.04.18 03:29:54 Tried adding: 8
2022.04.18 03:29:55 Tried adding: 8
2022.04.18 03:29:55 Tried adding: 8
2022.04.18 03:29:55 Tried adding: ⌫
2022.04.18 03:29:56 Tried adding: 8
2022.04.18 03:29:56 Tried adding: ⌫
2022.04.18 03:29:57 Tried adding: ⌫
2022.04.18 03:29:57 Tried adding: 8
2022.04.18 03:29:57 Tried adding: 8
2022.04.18 03:29:57 Tried adding: 8
2022.04.18 03:29:58 Tried adding: 8
2022.04.18 03:29:58 Tried adding: ⌫
2022.04.18 03:29:59 Tried adding: ⌫
2022.04.18 03:29:59 Tried adding: ⌫
2022.04.18 03:30:02 Allocated Ram: 10MiB
2022.04.18 03:30:02 Total memory obtained from OS: 25MiB
2022.04.18 03:30:02 Total garbage collected memory: 151MiB
2022.04.18 03:30:02 Closing program...
2022.04.18 03:30:52 Started program
2022.04.18 03:30:52 Loaded config
2022.04.18 03:30:54 Tried adding: 8
2022.04.18 03:30:54 Tried adding: 8
2022.04.18 03:30:54 Tried adding: 8
2022.04.18 03:30:54 Tried adding: 8
2022.04.18 03:30:54 Tried adding: 8
2022.04.18 03:30:55 Tried adding: 8
2022.04.18 03:30:55 Tried adding: 8
2022.04.18 03:30:55 Tried adding: 8
2022.04.18 03:30:55 Tried adding: 8
2022.04.18 03:30:55 Tried adding: 8
2022.04.18 03:30:55 Tried adding: 8
2022.04.18 03:30:55 Tried adding: 8
2022.04.18 03:30:55 Tried adding: 8
2022.04.18 03:30:55 Tried adding: 8
2022.04.18 03:30:55 Tried adding: 8
2022.04.18 03:30:55 Tried adding: 8
2022.04.18 03:30:55 Tried adding: 8
2022.04.18 03:30:55 Tried adding: 8
2022.04.18 03:30:55 Tried adding: 8
2022.04.18 03:30:55 Tried adding: 8
2022.04.18 03:30:55 Tried adding: 8
2022.04.18 03:30:55 Tried adding: 8
2022.04.18 03:30:55 Tried adding: 8
2022.04.18 03:30:55 Tried adding: 8
2022.04.18 03:30:55 Tried adding: 8
2022.04.18 03:30:55 Tried adding: 8
2022.04.18 03:30:55 Tried adding: 8
2022.04.18 03:30:55 Tried adding: 8
2022.04.18 03:30:55 Tried adding: 8
2022.04.18 03:30:55 Tried adding: 8
2022.04.18 03:30:55 Tried adding: 8
2022.04.18 03:30:55 Tried adding: 8
2022.04.18 03:30:56 Tried adding: 8
2022.04.18 03:30:56 Tried adding: 8
2022.04.18 03:30:56 Tried adding: 8
2022.04.18 03:30:56 Tried adding: 8
2022.04.18 03:30:56 Tried adding: 8
2022.04.18 03:30:56 Tried adding: 8
2022.04.18 03:30:56 Tried adding: 8
2022.04.18 03:30:56 Tried adding: 8
2022.04.18 03:30:56 Tried adding: 8
2022.04.18 03:30:56 Tried adding: 8
2022.04.18 03:30:56 Tried adding: 8
2022.04.18 03:30:56 Tried adding: 8
2022.04.18 03:30:56 Tried adding: 8
2022.04.18 03:30:56 Tried adding: 8
2022.04.18 03:30:56 Tried adding: 8
2022.04.18 03:30:56 Tried adding: 8
2022.04.18 03:30:56 Tried adding: 8
2022.04.18 03:30:56 Tried adding: 8
2022.04.18 03:30:56 Tried adding: 8
2022.04.18 03:30:56 Tried adding: 8
2022.04.18 03:30:56 Tried adding: 8
2022.04.18 03:30:56 Tried adding: 8
2022.04.18 03:30:56 Tried adding: 8
2022.04.18 03:30:56 Tried adding: 8
2022.04.18 03:30:56 Tried adding: 8
2022.04.18 03:30:57 Tried adding: ⌫
2022.04.18 03:30:58 Tried adding: 8
2022.04.18 03:30:58 Tried adding: 8
2022.04.18 03:30:58 Tried adding: 8
2022.04.18 03:30:59 Tried adding: 8
2022.04.18 03:30:59 Tried adding: =
2022.04.18 03:30:59 Calculating: 8888888888888888888
88888888888888888888
2022.04.18 03:31:00 Tried adding: ⌫
2022.04.18 03:31:00 Tried adding: ⌫
2022.04.18 03:31:01 Tried adding: ⌫
2022.04.18 03:31:01 Tried adding: ⌫
2022.04.18 03:31:01 Tried adding: ⌫
2022.04.18 03:31:01 Tried adding: ⌫
2022.04.18 03:31:01 Tried adding: ⌫
2022.04.18 03:31:01 Tried adding: ⌫
2022.04.18 03:31:01 Tried adding: ⌫
2022.04.18 03:31:01 Tried adding: ⌫
2022.04.18 03:31:01 Tried adding: ⌫
2022.04.18 03:31:01 Tried adding: ⌫
2022.04.18 03:31:01 Tried adding: ⌫
2022.04.18 03:31:01 Tried adding: ⌫
2022.04.18 03:31:01 Tried adding: ⌫
2022.04.18 03:31:01 Tried adding: ⌫
2022.04.18 03:31:01 Tried adding: ⌫
2022.04.18 03:31:01 Tried adding: ⌫
2022.04.18 03:31:01 Tried adding: ⌫
2022.04.18 03:31:01 Tried adding: ⌫
2022.04.18 03:31:01 Tried adding: ⌫
2022.04.18 03:31:01 Tried adding: ⌫
2022.04.18 03:31:01 Tried adding: ⌫
2022.04.18 03:31:01 Tried adding: ⌫
2022.04.18 03:31:01 Tried adding: ⌫
2022.04.18 03:31:01 Tried adding: ⌫
2022.04.18 03:31:02 Tried adding: 8
2022.04.18 03:31:02 Tried adding: 8
2022.04.18 03:31:02 Tried adding: 8
2022.04.18 03:31:02 Tried adding: 8
2022.04.18 03:31:02 Tried adding: 8
2022.04.18 03:31:02 Tried adding: 8
2022.04.18 03:31:02 Tried adding: 8
2022.04.18 03:31:02 Tried adding: 8
2022.04.18 03:31:02 Tried adding: 8
2022.04.18 03:31:02 Tried adding: 8
2022.04.18 03:31:02 Tried adding: 8
2022.04.18 03:31:02 Tried adding: 8
2022.04.18 03:31:02 Tried adding: 8
2022.04.18 03:31:03 Tried adding: 8
2022.04.18 03:31:03 Tried adding: 8
2022.04.18 03:31:03 Tried adding: 8
2022.04.18 03:31:03 Tried adding: 8
2022.04.18 03:31:03 Tried adding: 8
2022.04.18 03:31:03 Tried adding: 8
2022.04.18 03:31:03 Tried adding: 8
2022.04.18 03:31:03 Tried adding: 8
2022.04.18 03:31:03 Tried adding: 8
2022.04.18 03:31:03 Tried adding: 8
2022.04.18 03:31:03 Tried adding: 8
2022.04.18 03:31:03 Tried adding: 8
2022.04.18 03:31:03 Tried adding: 8
2022.04.18 03:31:03 Tried adding: 8
2022.04.18 03:31:03 Tried adding: 8
2022.04.18 03:31:03 Tried adding: 8
2022.04.18 03:31:03 Tried adding: 8
2022.04.18 03:31:03 Tried adding: 8
2022.04.18 03:31:03 Tried adding: 8
2022.04.18 03:31:03 Tried adding: 8
2022.04.18 03:31:03 Tried adding: 8
2022.04.18 03:31:03 Tried adding: 8
2022.04.18 03:31:03 Tried adding: 8
2022.04.18 03:31:04 Tried adding: 7
2022.04.18 03:31:04 Tried adding: 7
2022.04.18 03:31:04 Tried adding: 7
2022.04.18 03:31:04 Allocated Ram: 9MiB
2022.04.18 03:31:04 Total memory obtained from OS: 25MiB
2022.04.18 03:31:04 Total garbage collected memory: 80MiB
2022.04.18 03:31:04 Closing program...
2022.04.18 03:31:39 Started program
2022.04.18 03:31:39 Loaded config
2022.04.18 03:31:40 Tried adding: 9
2022.04.18 03:31:40 Tried adding: 9
2022.04.18 03:31:41 Tried adding: 9
2022.04.18 03:31:41 Tried adding: 9
2022.04.18 03:31:41 Tried adding: 9
2022.04.18 03:31:41 Tried adding: 9
2022.04.18 03:31:41 Tried adding: 9
2022.04.18 03:31:41 Tried adding: 1
2022.04.18 03:31:42 Tried adding: 1
2022.04.18 03:31:42 Tried adding: 1
2022.04.18 03:31:42 Tried adding: 1
2022.04.18 03:31:42 Tried adding: 1
2022.04.18 03:31:42 Tried adding: 1
2022.04.18 03:31:42 Tried adding: 1
2022.04.18 03:31:42 Tried adding: 1
2022.04.18 03:31:42 Tried adding: 1
2022.04.18 03:31:42 Tried adding: 1
2022.04.18 03:31:42 Tried adding: 1
2022.04.18 03:31:42 Tried adding: 1
2022.04.18 03:31:42 Tried adding: 1
2022.04.18 03:31:42 Tried adding: 1
2022.04.18 03:31:42 Tried adding: 1
2022.04.18 03:31:42 Tried adding: 1
2022.04.18 03:31:42 Tried adding: 1
2022.04.18 03:31:42 Tried adding: 1
2022.04.18 03:31:42 Tried adding: 1
2022.04.18 03:31:43 Tried adding: 1
2022.04.18 03:31:43 Tried adding: 1
2022.04.18 03:31:43 Tried adding: 1
2022.04.18 03:31:43 Tried adding: 1
2022.04.18 03:31:43 Tried adding: 1
2022.04.18 03:31:43 Tried adding: 1
2022.04.18 03:31:43 Tried adding: 1
2022.04.18 03:31:43 Tried adding: 1
2022.04.18 03:31:43 Tried adding: 1
2022.04.18 03:31:43 Tried adding: 1
2022.04.18 03:31:43 Tried adding: 1
2022.04.18 03:31:44 Tried adding: 1
2022.04.18 03:31:44 Tried adding: 1
2022.04.18 03:31:44 Tried adding: 1
2022.04.18 03:31:44 Tried adding: 1
2022.04.18 03:31:44 Tried adding: 1
2022.04.18 03:31:44 Tried adding: 1
2022.04.18 03:31:44 Tried adding: 1
2022.04.18 03:31:44 Tried adding: 1
2022.04.18 03:31:44 Tried adding: 1
2022.04.18 03:31:44 Tried adding: 1
2022.04.18 03:31:44 Tried adding: 1
2022.04.18 03:31:44 Tried adding: 1
2022.04.18 03:31:44 Tried adding: 1
2022.04.18 03:31:44 Tried adding: 1
2022.04.18 03:31:44 Tried adding: 1
2022.04.18 03:31:44 Tried adding: 1
2022.04.18 03:31:44 Tried adding: 1
2022.04.18 03:31:44 Tried adding: 1
2022.04.18 03:31:44 Tried adding: 1
2022.04.18 03:31:44 Tried adding: 1
2022.04.18 03:31:44 Tried adding: 1
2022.04.18 03:31:44 Tried adding: 1
2022.04.18 03:31:44 Tried adding: 1
2022.04.18 03:31:44 Tried adding: 1
2022.04.18 03:31:44 Tried adding: 1
2022.04.18 03:31:44 Tried adding: 1
2022.04.18 03:31:44 Tried adding: 1
2022.04.18 03:31:45 Tried adding: 1
2022.04.18 03:31:45 Tried adding: 1
2022.04.18 03:31:45 Tried adding: 1
2022.04.18 03:31:45 Tried adding: 1
2022.04.18 03:31:45 Tried adding: 1
2022.04.18 03:31:45 Tried adding: 1
2022.04.18 03:31:45 Tried adding: ⌫
2022.04.18 03:31:45 Tried adding: 1
2022.04.18 03:31:46 Tried adding: 1
2022.04.18 03:31:46 Tried adding: 1
2022.04.18 03:31:46 Tried adding: 1
2022.04.18 03:31:47 Allocated Ram: 9MiB
2022.04.18 03:31:47 Total memory obtained from OS: 25MiB
2022.04.18 03:31:47 Total garbage collected memory: 56MiB
2022.04.18 03:31:47 Closing program...
2022.04.18 13:34:48 Started program
2022.04.18 13:34:48 Loaded config
2022.04.18 13:34:54 Tried adding: 2
2022.04.18 13:34:55 Tried adding: 2
2022.04.18 13:34:55 Tried adding: 2
2022.04.18 13:34:55 Tried adding: 2
2022.04.18 13:34:55 Tried adding: 2
2022.04.18 13:34:55 Tried adding: 2
2022.04.18 13:34:55 Tried adding: 2
2022.04.18 13:34:55 Tried adding: 2
2022.04.18 13:34:55 Tried adding: 2
2022.04.18 13:34:55 Tried adding: 2
2022.04.18 13:34:55 Tried adding: 2
2022.04.18 13:34:55 Tried adding: 2
2022.04.18 13:34:55 Tried adding: 2
2022.04.18 13:34:55 Tried adding: 2
2022.04.18 13:34:55 Tried adding: 2
2022.04.18 13:34:55 Tried adding: 2
2022.04.18 13:34:55 Tried adding: 2
2022.04.18 13:34:55 Tried adding: 2
2022.04.18 13:34:55 Tried adding: 2
2022.04.18 13:34:55 Tried adding: 2
2022.04.18 13:34:55 Tried adding: 2
2022.04.18 13:34:55 Tried adding: 2
2022.04.18 13:34:56 Tried adding: 2
2022.04.18 13:34:56 Tried adding: 2
2022.04.18 13:34:56 Tried adding: 2
2022.04.18 13:34:56 Tried adding: 2
2022.04.18 13:34:56 Tried adding: 2
2022.04.18 13:34:56 Tried adding: 2
2022.04.18 13:34:56 Tried adding: 2
2022.04.18 13:34:56 Tried adding: 2
2022.04.18 13:34:56 Tried adding: 2
2022.04.18 13:34:56 Tried adding: 2
2022.04.18 13:34:56 Tried adding: 2
2022.04.18 13:34:56 Tried adding: 2
2022.04.18 13:34:56 Tried adding: 2
2022.04.18 13:34:56 Tried adding: 2
2022.04.18 13:34:56 Tried adding: 2
2022.04.18 13:34:56 Tried adding: 2
2022.04.18 13:34:56 Tried adding: 2
2022.04.18 13:34:56 Tried adding: 2
2022.04.18 13:34:56 Tried adding: 2
2022.04.18 13:34:56 Tried adding: 2
2022.04.18 13:34:56 Tried adding: 2
2022.04.18 13:34:56 Tried adding: 2
2022.04.18 13:34:56 Tried adding: 2
2022.04.18 13:34:56 Tried adding: 2
2022.04.18 13:34:56 Tried adding: 2
2022.04.18 13:34:56 Tried adding: 2
2022.04.18 13:34:56 Tried adding: 2
2022.04.18 13:34:56 Tried adding: 2
2022.04.18 13:34:56 Tried adding: 2
2022.04.18 13:34:56 Tried adding: 2
2022.04.18 13:34:58 Tried adding: ⌫
2022.04.18 13:34:59 Tried adding: ⌫
2022.04.18 13:35:00 Tried adding: 2
2022.04.18 13:35:01 Tried adding: 2
2022.04.18 13:35:02 Tried adding: ⌫
2022.04.18 13:35:02 Tried adding: (
2022.04.18 13:35:08 Tried adding: =
2022.04.18 13:35:08 Calculating: 2222222222222222222222
2222222222222222222222
2022.04.18 13:35:09 Tried adding: ⌫
2022.04.18 13:35:10 Tried adding: ⌫
2022.04.18 13:35:10 Tried adding: ⌫
2022.04.18 13:35:10 Tried adding: ⌫
2022.04.18 13:35:10 Tried adding: ⌫
2022.04.18 13:35:10 Tried adding: ⌫
2022.04.18 13:35:10 Tried adding: ⌫
2022.04.18 13:35:10 Tried adding: ⌫
2022.04.18 13:35:10 Tried adding: ⌫
2022.04.18 13:35:10 Tried adding: ⌫
2022.04.18 13:35:10 Tried adding: ⌫
2022.04.18 13:35:10 Tried adding: ⌫
2022.04.18 13:35:11 Tried adding: ⌫
2022.04.18 13:35:12 Tried adding: e
2022.04.18 13:35:13 Tried adding: m
2022.04.18 13:35:14 Allocated Ram: 11MiB
2022.04.18 13:35:14 Total memory obtained from OS: 25MiB
2022.04.18 13:35:14 Total garbage collected memory: 161MiB
2022.04.18 13:35:14 Closing program...
2022.04.18 13:35:33 Started program
2022.04.18 13:35:33 Loaded config
2022.04.18 13:35:53 Tried adding: 1
2022.04.18 13:36:03 Tried adding: (
2022.04.18 13:36:04 Tried adding: 1
2022.04.18 13:36:04 Tried adding: 2
2022.04.18 13:36:04 Tried adding: 2
2022.04.18 13:36:04 Tried adding: 1
2022.04.18 13:36:05 Tried adding: 2
2022.04.18 13:36:05 Tried adding: +
2022.04.18 13:36:06 Tried adding: 3
2022.04.18 13:36:06 Tried adding: 2
2022.04.18 13:36:06 Tried adding: 4
2022.04.18 13:36:06 Tried adding: )
2022.04.18 13:36:07 Tried adding: +
2022.04.18 13:36:08 Tried adding: 1
2022.04.18 13:36:08 Tried adding: 2
2022.04.18 13:36:08 Tried adding: (
2022.04.18 13:36:09 Tried adding: 2
2022.04.18 13:36:09 Tried adding: 3
2022.04.18 13:36:09 Tried adding: 4
2022.04.18 13:36:11 Tried adding: +
2022.04.18 13:36:12 Tried adding: 2
2022.04.18 13:36:12 Tried adding: 1
2022.04.18 13:36:13 Tried adding: 3
2022.04.18 13:36:14 Tried adding: (
2022.04.18 13:36:15 Tried adding: 6
2022.04.18 13:36:15 Tried adding: 9
2022.04.18 13:36:17 Tried adding: ,
2022.04.18 13:36:17 Tried adding: 4
2022.04.18 13:36:17 Tried adding: 2
2022.04.18 13:36:19 Tried adding: -
2022.04.18 13:36:20 Tried adding: 1
2022.04.18 13:36:20 Tried adding: 2
2022.04.18 13:36:24 Tried adding: )
2022.04.18 13:36:26 Tried adding: )
2022.04.18 13:36:28 Tried adding: a
2022.04.18 13:36:29 Tried adding: 1
2022.04.18 13:36:29 Tried adding: ⌫
2022.04.18 13:36:30 Tried adding: ⌫
2022.04.18 13:36:30 Tried adding: ⌫
2022.04.18 13:36:30 Tried adding: ⌫
2022.04.18 13:36:30 Tried adding: ⌫
2022.04.18 13:36:31 Tried adding: ⌫
2022.04.18 13:36:31 Tried adding: ⌫
2022.04.18 13:36:31 Tried adding: ⌫
2022.04.18 13:36:32 Tried adding: ⌫
2022.04.18 13:36:32 Tried adding: ⌫
2022.04.18 13:36:32 Tried adding: ⌫
2022.04.18 13:36:32 Tried adding: ⌫
2022.04.18 13:36:32 Tried adding: ⌫
2022.04.18 13:36:33 Tried adding: ⌫
2022.04.18 13:36:33 Tried adding: ⌫
2022.04.18 13:36:33 Tried adding: ⌫
2022.04.18 13:36:33 Tried adding: ⌫
2022.04.18 13:36:34 Tried adding: ⌫
2022.04.18 13:36:34 Tried adding: ⌫
2022.04.18 13:36:34 Tried adding: ⌫
2022.04.18 13:36:34 Tried adding: ⌫
2022.04.18 13:36:34 Tried adding: ⌫
2022.04.18 13:36:35 Tried adding: ⌫
2022.04.18 13:36:35 Tried adding: ⌫
2022.04.18 13:36:35 Tried adding: ⌫
2022.04.18 13:36:35 Tried adding: ⌫
2022.04.18 13:36:35 Tried adding: ⌫
2022.04.18 13:36:36 Tried adding: ⌫
2022.04.18 13:36:36 Tried adding: ⌫
2022.04.18 13:36:36 Tried adding: ⌫
2022.04.18 13:36:36 Tried adding: ⌫
2022.04.18 13:36:37 Tried adding: ⌫
2022.04.18 13:36:37 Tried adding: ⌫
2022.04.18 13:36:37 Tried adding: ⌫
2022.04.18 13:36:37 Tried adding: ⌫
2022.04.18 13:36:37 Tried adding: ⌫
2022.04.18 13:36:38 Tried adding: ⌫
2022.04.18 13:36:43 Allocated Ram: 10MiB
2022.04.18 13:36:43 Total memory obtained from OS: 25MiB
2022.04.18 13:36:43 Total garbage collected memory: 390MiB
2022.04.18 13:36:43 Closing program...
2022.04.18 13:46:25 Started program
2022.04.18 13:46:25 Loaded config
2022.04.18 15:48:58 Started program
2022.04.18 15:48:58 Loaded config
2022.04.18 15:49:55 Started program
2022.04.18 15:49:55 Loaded config
2022.04.18 15:50:56 Started program
2022.04.18 15:50:56 Loaded config
2022.04.18 15:52:57 Started program
2022.04.18 15:52:57 Loaded config
2022.04.18 15:53:40 Started program
2022.04.18 15:53:40 Loaded config
2022.04.18 15:54:54 Started program
2022.04.18 15:54:54 Loaded config
2022.04.18 15:55:01 Tried adding: 0
2022.04.18 15:55:51 Started program
2022.04.18 15:55:51 Loaded config
2022.04.18 15:55:53 Tried adding: 1
2022.04.18 15:56:12 Tried adding: 2
2022.04.18 15:56:13 Tried adding: 3
2022.04.18 15:56:13 Tried adding: 4
2022.04.18 15:56:14 Tried adding: 5
2022.04.18 15:56:23 Tried adding: +
2022.04.18 15:56:25 Tried adding: (
2022.04.18 15:56:30 Tried adding: 1
2022.04.18 15:56:30 Tried adding: 2
2022.04.18 15:56:31 Tried adding: 3
2022.04.18 15:56:31 Tried adding: 4
2022.04.18 15:56:32 Tried adding: 5
2022.04.18 15:56:32 Tried adding: )
2022.04.18 15:56:34 Tried adding: =
2022.04.18 15:56:34 Calculating: 12345+(12345)
2022.04.18 15:56:34 Result: 24690
2022.04.18 15:56:36 Tried adding: +
2022.04.18 15:56:37 Tried adding: 1
2022.04.18 15:56:37 Tried adding: 2
2022.04.18 15:56:37 Tried adding: (
2022.04.18 15:56:43 Allocated Ram: 12MiB
2022.04.18 15:56:43 Total memory obtained from OS: 25MiB
2022.04.18 15:56:43 Total garbage collected memory: 279MiB
2022.04.18 15:56:43 Closing program...
2022.04.18 15:56:56 Started program
2022.04.18 15:56:56 Loaded config
2022.04.18 15:56:59 Tried adding: 1
2022.04.18 15:56:59 Tried adding: 2
2022.04.18 15:57:01 Tried adding: +
2022.04.18 15:57:01 Tried adding: 6
2022.04.18 15:57:01 Tried adding: 9
2022.04.18 15:57:02 Tried adding: (
2022.04.18 15:57:04 Tried adding: l
2022.04.18 15:57:06 Tried adding: 1
2022.04.18 15:57:06 Tried adding: 2
2022.04.18 15:57:07 Tried adding: 3
2022.04.18 15:57:07 Tried adding: 4
2022.04.18 15:57:08 Tried adding: 7
2022.04.18 15:57:08 Tried adding: 5
2022.04.18 15:57:09 Tried adding: +
2022.04.18 15:57:10 Tried adding: 1
2022.04.18 15:57:10 Tried adding: 2
2022.04.18 15:57:10 Tried adding: 1
2022.04.18 15:57:10 Tried adding: 2
2022.04.18 15:57:10 Tried adding: =
2022.04.18 15:57:10 Calculating: 12+69*(123475+1212)
2022.04.18 15:57:10 Result: 8.603415e+06
2022.04.18 15:57:12 Allocated Ram: 8MiB
2022.04.18 15:57:12 Total memory obtained from OS: 25MiB
2022.04.18 15:57:12 Total garbage collected memory: 83MiB
2022.04.18 15:57:12 Closing program...
2022.04.18 15:58:09 Started program
2022.04.18 15:58:09 Loaded config
2022.04.18 15:58:11 Tried adding: 1
2022.04.18 15:58:11 Tried adding: 2
2022.04.18 15:58:13 Tried adding: +
2022.04.18 15:58:13 Tried adding: 6
2022.04.18 15:58:13 Tried adding: 5
2022.04.18 15:58:14 Tried adding: 1
2022.04.18 15:58:14 Tried adding: 2
2022.04.18 15:58:15 Tried adding: (
2022.04.18 15:58:18 Tried adding: 1
2022.04.18 15:58:18 Tried adding: 2
2022.04.18 15:58:20 Tried adding: (
2022.04.18 15:58:21 Tried adding: 6
2022.04.18 15:58:22 Tried adding: 9
2022.04.18 15:58:23 Tried adding: )
2022.04.18 15:58:25 Tried adding: )
2022.04.18 15:58:27 Tried adding: ⌫
2022.04.18 15:58:29 Tried adding: ⌫
2022.04.18 15:58:30 Tried adding: ⌫
2022.04.18 15:58:30 Tried adding: ⌫
2022.04.18 15:58:31 Tried adding: ⌫
2022.04.18 15:58:31 Tried adding: ⌫
2022.04.18 15:58:32 Tried adding: ⌫
2022.04.18 15:58:32 Tried adding: ⌫
2022.04.18 15:58:32 Tried adding: ⌫
2022.04.18 15:58:33 Tried adding: ⌫
2022.04.18 15:58:33 Tried adding: ⌫
2022.04.18 15:58:33 Tried adding: ⌫
2022.04.18 15:58:34 Tried adding: ⌫
2022.04.18 15:58:34 Tried adding: ⌫
2022.04.18 15:58:34 Tried adding: ⌫
2022.04.18 15:58:34 Tried adding: ⌫
2022.04.18 15:58:34 Tried adding: ⌫
2022.04.18 15:58:35 Tried adding: ⌫
2022.04.18 15:58:36 Allocated Ram: 12MiB
2022.04.18 15:58:36 Total memory obtained from OS: 25MiB
2022.04.18 15:58:36 Total garbage collected memory: 153MiB
2022.04.18 15:58:36 Closing program...
2022.04.18 15:59:35 Started program
2022.04.18 15:59:35 Loaded config
2022.04.18 15:59:38 Tried adding: 1
2022.04.18 15:59:38 Tried adding: 2
2022.04.18 15:59:38 Tried adding: 34
2022.04.18 15:59:38 Tried adding: 1
2022.04.18 15:59:38 Tried adding: 2
2022.04.18 15:59:38 Tried adding: +
2022.04.18 15:59:39 Tried adding: (
2022.04.18 15:59:40 Tried adding: 1
2022.04.18 15:59:40 Tried adding: 2
2022.04.18 15:59:40 Tried adding: 1
2022.04.18 15:59:40 Tried adding: 2
2022.04.18 15:59:40 Tried adding: 1
2022.04.18 15:59:40 Tried adding: 2
2022.04.18 15:59:42 Tried adding: *
2022.04.18 15:59:42 Tried adding: 2
2022.04.18 15:59:42 Tried adding: 1
2022.04.18 15:59:42 Tried adding: 3
2022.04.18 15:59:43 Tried adding: )
2022.04.18 15:59:45 Tried adding: =
2022.04.18 15:59:45 Calculating: 123412+(121212*213)
2022.04.18 15:59:45 Result: 2.5941568e+07
2022.04.18 15:59:46 Allocated Ram: 10MiB
2022.04.18 15:59:46 Total memory obtained from OS: 25MiB
2022.04.18 15:59:46 Total garbage collected memory: 65MiB
2022.04.18 15:59:46 Closing program...
2022.04.18 16:01:07 Started program
2022.04.18 16:01:07 Loaded config
2022.04.18 16:01:09 Tried adding: 1
2022.04.18 16:01:09 Tried adding: 2
2022.04.18 16:01:09 Tried adding: +
2022.04.18 16:01:09 Tried adding: 4
2022.04.18 16:01:10 Tried adding: 2
2022.04.18 16:01:10 Tried adding: 3
2022.04.18 16:01:10 Tried adding: (
2022.04.18 16:01:12 Tried adding: 5
2022.04.18 16:01:13 Tried adding: 3
2022.04.18 16:01:13 Tried adding: 4
2022.04.18 16:01:14 Tried adding: +
2022.04.18 16:01:14 Tried adding: 1
2022.04.18 16:01:14 Tried adding: 2
2022.04.18 16:01:14 Tried adding: (
2022.04.18 16:01:15 Tried adding: 3
2022.04.18 16:01:15 Tried adding: 2
2022.04.18 16:01:15 Tried adding: 1
2022.04.18 16:01:16 Tried adding: )
2022.04.18 16:01:16 Tried adding: )
2022.04.18 16:01:17 Tried adding: )
2022.04.18 16:01:17 Tried adding: =
2022.04.18 16:01:17 Calculating: 12+423*(534+12*(321))
2022.04.18 16:01:17 Result: 1.85529e+06
2022.04.18 16:01:18 Tried adding: =
2022.04.18 16:01:18 Calculating: 1.85529e+06
2022.04.18 16:01:19 Tried adding: =
2022.04.18 16:01:19 Calculating: 1.85529e+06
2022.04.18 16:01:19 Tried adding: =
2022.04.18 16:01:19 Calculating: 1.85529e+06
2022.04.18 16:01:19 Tried adding: =
2022.04.18 16:01:19 Calculating: 1.85529e+06
2022.04.18 16:01:20 Allocated Ram: 14MiB
2022.04.18 16:01:20 Total memory obtained from OS: 25MiB
2022.04.18 16:01:20 Total garbage collected memory: 74MiB
2022.04.18 16:01:20 Closing program...
2022.04.18 16:38:25 Started program
2022.04.18 16:38:25 Loaded config
2022.04.18 16:38:32 Allocated Ram: 9MiB
2022.04.18 16:38:32 Total memory obtained from OS: 33MiB
2022.04.18 16:38:32 Total garbage collected memory: 31MiB
2022.04.18 16:38:32 Closing program...
2022.04.18 16:38:55 Started program
2022.04.18 16:38:55 Loaded config
2022.04.18 16:39:22 Tried adding: 1
2022.04.18 16:39:22 Tried adding: 1
2022.04.18 16:39:22 Tried adding: 1
2022.04.18 16:39:22 Tried adding: 1
2022.04.18 16:39:22 Tried adding: 1
2022.04.18 16:39:23 Tried adding: 1
2022.04.18 16:39:23 Tried adding: 1
2022.04.18 16:39:23 Tried adding: 1
2022.04.18 16:39:23 Tried adding: 1
2022.04.18 16:39:24 Tried adding: 1
2022.04.18 16:39:24 Tried adding: 1
2022.04.18 16:39:24 Tried adding: 1
2022.04.18 16:39:25 Tried adding: 1
2022.04.18 16:39:25 Tried adding: 1
2022.04.18 16:39:25 Tried adding: 1
2022.04.18 16:39:26 Tried adding: 1
2022.04.18 16:39:26 Tried adding: 1
2022.04.18 16:39:26 Tried adding: 1
2022.04.18 16:39:26 Tried adding: 1
2022.04.18 16:39:26 Tried adding: 1
2022.04.18 16:39:26 Tried adding: 1
2022.04.18 16:39:26 Tried adding: 1
2022.04.18 16:39:26 Tried adding: 1
2022.04.18 16:39:26 Tried adding: 1
2022.04.18 16:39:26 Tried adding: 1
2022.04.18 16:39:26 Tried adding: 1
2022.04.18 16:39:26 Tried adding: 1
2022.04.18 16:39:26 Tried adding: 1
2022.04.18 16:39:27 Tried adding: 1
2022.04.18 16:39:27 Tried adding: 1
2022.04.18 16:39:27 Tried adding: 1
2022.04.18 16:39:27 Tried adding: 1
2022.04.18 16:39:33 Allocated Ram: 10MiB
2022.04.18 16:39:33 Total memory obtained from OS: 29MiB
2022.04.18 16:39:33 Total garbage collected memory: 198MiB
2022.04.18 16:39:33 Closing program...
